#
# A fatal error has been detected by the Java Runtime Environment:
#
#  SIGSEGV (0xb) at pc=0x000000010bed051f, pid=57564, tid=0x0000000000003a03
#
# JRE version: Java(TM) SE Runtime Environment (8.0_231-b11) (build 1.8.0_231-b11)
# Java VM: Java HotSpot(TM) 64-Bit Server VM (25.231-b11 mixed mode bsd-amd64 compressed oops)
# Problematic frame:
# C  [libfreeling_javaAPI.dylib+0x2051f]  freeling::basic_nonconst_tree_iterator<freeling::node>::operator->() const+0xf
#
# Failed to write core dump. Core dumps have been disabled. To enable core dumping, try "ulimit -c unlimited" before starting Java again
#
# If you would like to submit a bug report, please visit:
#   http://bugreport.java.com/bugreport/crash.jsp
# The crash happened outside the Java Virtual Machine in native code.
# See problematic frame for where to report the bug.
#

---------------  T H R E A D  ---------------

Current thread (0x00007fdaa002d000):  JavaThread "BoundedThreadPool0-1" [_thread_in_native, id=14851, stack(0x000070000d811000,0x000070000d911000)]

siginfo: si_signo: 11 (SIGSEGV), si_code: 1 (SEGV_MAPERR), si_addr: 0x0000000000000000

Registers:
RAX=0x0000000000000000, RBX=0x000000010a845a00, RCX=0x0000000000000002, RDX=0x0000000000000002
RSP=0x000070000d90fee0, RBP=0x000070000d90fee0, RSI=0x0000000000000000, RDI=0x00007fda9fcecb90
R8 =0x0000000000001afc, R9 =0x0000000000000003, R10=0x000000010c47c63b, R11=0x0000000104ae96e3
R12=0x0000000000000000, R13=0x000000010a845a00, R14=0x000070000d910028, R15=0x00007fdaa002d000
RIP=0x000000010bed051f, EFLAGS=0x0000000000010202, ERR=0x0000000000000004
  TRAPNO=0x000000000000000e

Top of Stack: (sp=0x000070000d90fee0)
0x000070000d90fee0:   000070000d90ff90 000000010bed1ef5
0x000070000d90fef0:   000070000d90ff10 00000001047433d6
0x000070000d90ff00:   000000010a845a00 000000010a845a00
0x000070000d90ff10:   000070000d90ff80 00000001048e9677
0x000070000d90ff20:   00007fdaa002d000 00007fdaa002d000
0x000070000d90ff30:   00007fdaa002d000 000000010a845a00
0x000070000d90ff40:   00007fdaa002d000 0000000000000000
0x000070000d90ff50:   0000000000000000 0000000000000000
0x000070000d90ff60:   00007fda9fcecb90 0000000000000000
0x000070000d90ff70:   000070000d910018 00007fda9fcecb90
0x000070000d90ff80:   000070000d910008 00007fdaa002d1f8
0x000070000d90ff90:   000070000d90fff8 000000010c47c667
0x000070000d90ffa0:   000070000d90fff8 000000010c47c3c7
0x000070000d90ffb0:   000000010c47c382 000070000d90ffb8
0x000070000d90ffc0:   000000010a845a00 000070000d910028
0x000070000d90ffd0:   000000010a86f8a0 0000000000000000
0x000070000d90ffe0:   000000010a845a00 0000000000000000
0x000070000d90fff0:   000070000d910018 000070000d910070
0x000070000d910000:   000000010c46c040 0000000795710ab8
0x000070000d910010:   000000010c475d1b 0000000797394928
0x000070000d910020:   00007fda9fcecb90 0000000797394928
0x000070000d910030:   000070000d910030 000000010ab8257d
0x000070000d910040:   000070000d910080 000000010ab82b48
0x000070000d910050:   0000000000000000 000000010ab82588
0x000070000d910060:   000070000d910018 000070000d910080
0x000070000d910070:   000070000d9100c8 000000010c46c040
0x000070000d910080:   0000000797394928 000070000d910088
0x000070000d910090:   000000010a87ea1d 000070000d910148
0x000070000d9100a0:   000000010a8818a8 0000000000000000
0x000070000d9100b0:   000000010a87eb18 000070000d910080
0x000070000d9100c0:   000070000d910120 000070000d910190
0x000070000d9100d0:   000000010c46c2bd 0000000000000000 

Instructions: (pc=0x000000010bed051f)
0x000000010bed04ff:   d8 48 8b 45 d8 48 83 c4 40 5d c3 66 0f 1f 44 00
0x000000010bed050f:   00 55 48 89 e5 48 89 7d f8 48 8b 45 f8 48 8b 00
0x000000010bed051f:   48 8b 00 5d c3 66 2e 0f 1f 84 00 00 00 00 00 66
0x000000010bed052f:   90 55 48 89 e5 48 83 ec 40 48 89 7d f8 48 89 75 

Register to memory mapping:

RAX=0x0000000000000000 is an unknown value
RBX={method} {0x000000010a845a00} 'TreePreorderIteratorNode_getLabel' '(JLedu/upc/freeling/TreePreorderIteratorNode;)Ljava/lang/String;' in 'edu/upc/freeling/JfreelingJNI'
RCX=0x0000000000000002 is an unknown value
RDX=0x0000000000000002 is an unknown value
RSP=0x000070000d90fee0 is pointing into the stack for thread: 0x00007fdaa002d000
RBP=0x000070000d90fee0 is pointing into the stack for thread: 0x00007fdaa002d000
RSI=0x0000000000000000 is an unknown value
RDI=0x00007fda9fcecb90 is an unknown value
R8 =0x0000000000001afc is an unknown value
R9 =0x0000000000000003 is an unknown value
R10=0x000000010c47c63b is at code_begin+859 in an Interpreter codelet
method entry point (kind = native)  [0x000000010c47c2e0, 0x000000010c47cc40]  2400 bytes
R11=0x0000000104ae96e3: throw_unsatisfied_link_error+0 in /Library/Java/JavaVirtualMachines/jdk1.8.0_231.jdk/Contents/Home/jre/lib/server/libjvm.dylib at 0x0000000104600000
R12=0x0000000000000000 is an unknown value
R13={method} {0x000000010a845a00} 'TreePreorderIteratorNode_getLabel' '(JLedu/upc/freeling/TreePreorderIteratorNode;)Ljava/lang/String;' in 'edu/upc/freeling/JfreelingJNI'
R14=0x000070000d910028 is pointing into the stack for thread: 0x00007fdaa002d000
R15=0x00007fdaa002d000 is a thread


Stack: [0x000070000d811000,0x000070000d911000],  sp=0x000070000d90fee0,  free space=1019k
Native frames: (J=compiled Java code, j=interpreted, Vv=VM code, C=native code)
C  [libfreeling_javaAPI.dylib+0x2051f]  freeling::basic_nonconst_tree_iterator<freeling::node>::operator->() const+0xf
C  [libfreeling_javaAPI.dylib+0x21ef5]  Java_edu_upc_freeling_JfreelingJNI_TreePreorderIteratorNode_1getLabel+0x45
j  edu.upc.freeling.JfreelingJNI.TreePreorderIteratorNode_getLabel(JLedu/upc/freeling/TreePreorderIteratorNode;)Ljava/lang/String;+0
j  edu.upc.freeling.TreePreorderIteratorNode.getLabel()Ljava/lang/String;+5
j  pucp.edu.cohmetrixesp.metrics.SyntacticComplexityAnalyzer.countNodes(Ledu/upc/freeling/TreeOfNode;[ILjava/lang/String;[Ljava/lang/String;Z)V+101
j  pucp.edu.cohmetrixesp.metrics.SyntacticComplexityAnalyzer.meanModifiersPerNP(Lpucp/edu/cohmetrixesp/structs/CohText;)D+61
j  pucp.edu.cohmetrixesp.metrics.SyntacticComplexityAnalyzer.analyze(Ljava/util/Map;Lpucp/edu/cohmetrixesp/structs/CohText;)V+7
j  pucp.edu.cohmetrixesp.metrics.MetricsEngine.analyzeClasified(Ljava/lang/String;)Ljava/util/Map;+161
j  Main$1.handle(Lspark/Request;Lspark/Response;)Ljava/lang/Object;+24
j  spark.webserver.MatcherFilter.doFilter(Ljavax/servlet/ServletRequest;Ljavax/servlet/ServletResponse;Ljavax/servlet/FilterChain;)V+351
j  spark.webserver.JettyHandler$FilterChainImpl.doFilter(Ljavax/servlet/ServletRequest;Ljavax/servlet/ServletResponse;)V+27
j  spark.webserver.JettyHandler.handle(Ljava/lang/String;Ljavax/servlet/http/HttpServletRequest;Ljavax/servlet/http/HttpServletResponse;I)Z+27
j  org.mortbay.jetty.Server.handle(Ljava/lang/String;Ljavax/servlet/http/HttpServletRequest;Ljavax/servlet/http/HttpServletResponse;I)Z+49
j  org.mortbay.jetty.Server.handle(Lorg/mortbay/jetty/HttpConnection;)V+111
j  org.mortbay.jetty.HttpConnection.doHandler()V+90
j  org.mortbay.jetty.HttpConnection.access$1600(Lorg/mortbay/jetty/HttpConnection;)V+1
j  org.mortbay.jetty.HttpConnection$RequestHandler.headerComplete()V+236
j  org.mortbay.jetty.HttpParser.parseNext()Z+1617
j  org.mortbay.jetty.HttpParser.parseAvailable()V+25
j  org.mortbay.jetty.HttpConnection.handle()V+56
j  org.mortbay.jetty.bio.SocketConnector$Connection.run()V+11
j  org.mortbay.thread.BoundedThreadPool$PoolThread.run()V+144
v  ~StubRoutines::call_stub
V  [libjvm.dylib+0x2f0792]  JavaCalls::call_helper(JavaValue*, methodHandle*, JavaCallArguments*, Thread*)+0x6ae
V  [libjvm.dylib+0x2f0f36]  JavaCalls::call_virtual(JavaValue*, KlassHandle, Symbol*, Symbol*, JavaCallArguments*, Thread*)+0x164
V  [libjvm.dylib+0x2f10e2]  JavaCalls::call_virtual(JavaValue*, Handle, KlassHandle, Symbol*, Symbol*, Thread*)+0x4a
V  [libjvm.dylib+0x34b9d1]  thread_entry(JavaThread*, Thread*)+0x7c
V  [libjvm.dylib+0x571817]  JavaThread::thread_main_inner()+0x9b
V  [libjvm.dylib+0x572f12]  JavaThread::run()+0x1c2
V  [libjvm.dylib+0x48f0fa]  java_start(Thread*)+0xf6
C  [libsystem_pthread.dylib+0x6109]  _pthread_start+0x94
C  [libsystem_pthread.dylib+0x1b8b]  thread_start+0xf
C  0x0000000000000000

Java frames: (J=compiled Java code, j=interpreted, Vv=VM code)
j  edu.upc.freeling.JfreelingJNI.TreePreorderIteratorNode_getLabel(JLedu/upc/freeling/TreePreorderIteratorNode;)Ljava/lang/String;+0
j  edu.upc.freeling.TreePreorderIteratorNode.getLabel()Ljava/lang/String;+5
j  pucp.edu.cohmetrixesp.metrics.SyntacticComplexityAnalyzer.countNodes(Ledu/upc/freeling/TreeOfNode;[ILjava/lang/String;[Ljava/lang/String;Z)V+101
j  pucp.edu.cohmetrixesp.metrics.SyntacticComplexityAnalyzer.meanModifiersPerNP(Lpucp/edu/cohmetrixesp/structs/CohText;)D+61
j  pucp.edu.cohmetrixesp.metrics.SyntacticComplexityAnalyzer.analyze(Ljava/util/Map;Lpucp/edu/cohmetrixesp/structs/CohText;)V+7
j  pucp.edu.cohmetrixesp.metrics.MetricsEngine.analyzeClasified(Ljava/lang/String;)Ljava/util/Map;+161
j  Main$1.handle(Lspark/Request;Lspark/Response;)Ljava/lang/Object;+24
j  spark.webserver.MatcherFilter.doFilter(Ljavax/servlet/ServletRequest;Ljavax/servlet/ServletResponse;Ljavax/servlet/FilterChain;)V+351
j  spark.webserver.JettyHandler$FilterChainImpl.doFilter(Ljavax/servlet/ServletRequest;Ljavax/servlet/ServletResponse;)V+27
j  spark.webserver.JettyHandler.handle(Ljava/lang/String;Ljavax/servlet/http/HttpServletRequest;Ljavax/servlet/http/HttpServletResponse;I)Z+27
j  org.mortbay.jetty.Server.handle(Ljava/lang/String;Ljavax/servlet/http/HttpServletRequest;Ljavax/servlet/http/HttpServletResponse;I)Z+49
j  org.mortbay.jetty.Server.handle(Lorg/mortbay/jetty/HttpConnection;)V+111
j  org.mortbay.jetty.HttpConnection.doHandler()V+90
j  org.mortbay.jetty.HttpConnection.access$1600(Lorg/mortbay/jetty/HttpConnection;)V+1
j  org.mortbay.jetty.HttpConnection$RequestHandler.headerComplete()V+236
j  org.mortbay.jetty.HttpParser.parseNext()Z+1617
j  org.mortbay.jetty.HttpParser.parseAvailable()V+25
j  org.mortbay.jetty.HttpConnection.handle()V+56
j  org.mortbay.jetty.bio.SocketConnector$Connection.run()V+11
j  org.mortbay.thread.BoundedThreadPool$PoolThread.run()V+144
v  ~StubRoutines::call_stub

---------------  P R O C E S S  ---------------

Java Threads: ( => current thread )
=>0x00007fdaa002d000 JavaThread "BoundedThreadPool0-1" [_thread_in_native, id=14851, stack(0x000070000d811000,0x000070000d911000)]
  0x00007fdaa1209800 JavaThread "BoundedThreadPool0-0 - Acceptor0 Connector null:4567" [_thread_in_native, id=16643, stack(0x000070000d70e000,0x000070000d80e000)]
  0x00007fdaa198f000 JavaThread "DestroyJavaVM" [_thread_blocked, id=3331, stack(0x000070000c6db000,0x000070000c7db000)]
  0x00007fdaa12ce000 JavaThread "Thread-0" [_thread_in_native, id=12043, stack(0x000070000d60b000,0x000070000d70b000)]
  0x00007fdaa088c000 JavaThread "Service Thread" daemon [_thread_blocked, id=13827, stack(0x000070000d405000,0x000070000d505000)]
  0x00007fdaa0023000 JavaThread "C1 CompilerThread2" daemon [_thread_blocked, id=17667, stack(0x000070000d302000,0x000070000d402000)]
  0x00007fdaa1042000 JavaThread "C2 CompilerThread1" daemon [_thread_blocked, id=17923, stack(0x000070000d1ff000,0x000070000d2ff000)]
  0x00007fdaa0022800 JavaThread "C2 CompilerThread0" daemon [_thread_in_native, id=18435, stack(0x000070000d0fc000,0x000070000d1fc000)]
  0x00007fdaa1816800 JavaThread "Signal Dispatcher" daemon [_thread_blocked, id=18691, stack(0x000070000cff9000,0x000070000d0f9000)]
  0x00007fdaa102f000 JavaThread "Finalizer" daemon [_thread_blocked, id=21251, stack(0x000070000cdf0000,0x000070000cef0000)]
  0x00007fdaa102c000 JavaThread "Reference Handler" daemon [_thread_blocked, id=11523, stack(0x000070000cced000,0x000070000cded000)]

Other Threads:
  0x00007fdaa1027800 VMThread [stack: 0x000070000cbea000,0x000070000ccea000] [id=21507]
  0x00007fdaa001e000 WatcherThread [stack: 0x000070000d508000,0x000070000d608000] [id=17155]

VM state:not at safepoint (normal execution)

VM Mutex/Monitor currently owned by a thread: None

heap address: 0x0000000740000000, size: 2048 MB, Compressed Oops mode: Zero based, Oop shift amount: 3
Narrow klass base: 0x0000000000000000, Narrow klass shift: 3
Compressed class space size: 1073741824 Address: 0x00000007c0000000

Heap:
 PSYoungGen      total 38400K, used 30945K [0x0000000795580000, 0x0000000798000000, 0x00000007c0000000)
  eden space 33280K, 92% used [0x0000000795580000,0x00000007973b8770,0x0000000797600000)
  from space 5120K, 0% used [0x0000000797b00000,0x0000000797b00000,0x0000000798000000)
  to   space 5120K, 0% used [0x0000000797600000,0x0000000797600000,0x0000000797b00000)
 ParOldGen       total 87552K, used 0K [0x0000000740000000, 0x0000000745580000, 0x0000000795580000)
  object space 87552K, 0% used [0x0000000740000000,0x0000000740000000,0x0000000745580000)
 Metaspace       used 8404K, capacity 8588K, committed 8704K, reserved 1056768K
  class space    used 915K, capacity 990K, committed 1024K, reserved 1048576K

Card table byte_map: [0x000000010597a000,0x0000000105d7b000] byte_map_base: 0x0000000101f7a000

Marking Bits: (ParMarkBitMap*) 0x0000000104efceb0
 Begin Bits: [0x0000000106026000, 0x0000000108026000)
 End Bits:   [0x0000000108026000, 0x000000010a026000)

Polling page: 0x0000000103cd0000

CodeCache: size=245760Kb used=2785Kb max_used=2793Kb free=242974Kb
 bounds [0x000000010c464000, 0x000000010c724000, 0x000000011b464000]
 total_blobs=1022 nmethods=661 adapters=275
 compilation: enabled

Compilation events (10 events):
Event: 33.394 Thread 0x00007fdaa0023000 nmethod 659 0x000000010c71e410 code [0x000000010c71e580, 0x000000010c71e750]
Event: 33.394 Thread 0x00007fdaa1042000 nmethod 650 0x000000010c71e7d0 code [0x000000010c71e940, 0x000000010c71eda8]
Event: 33.396 Thread 0x00007fdaa0023000  661       3       java.lang.Character::isSurrogate (18 bytes)
Event: 33.396 Thread 0x00007fdaa0023000 nmethod 661 0x000000010c71e050 code [0x000000010c71e1c0, 0x000000010c71e390]
Event: 33.396 Thread 0x00007fdaa0023000  660       3       java.util.regex.Pattern::isSupplementary (20 bytes)
Event: 33.397 Thread 0x00007fdaa0023000 nmethod 660 0x000000010c71db50 code [0x000000010c71dcc0, 0x000000010c71df90]
Event: 33.397 Thread 0x00007fdaa0023000  662       3       java.lang.Character::charCount (12 bytes)
Event: 33.397 Thread 0x00007fdaa0023000 nmethod 662 0x000000010c71d7d0 code [0x000000010c71d940, 0x000000010c71dad0]
Event: 33.397 Thread 0x00007fdaa0023000  663       3       java.util.regex.Pattern::next (33 bytes)
Event: 33.397 Thread 0x00007fdaa0023000 nmethod 663 0x000000010c71d250 code [0x000000010c71d3e0, 0x000000010c71d6a8]

GC Heap History (0 events):
No events

Deoptimization events (3 events):
Event: 6.720 Thread 0x00007fdaa100a000 Uncommon trap: reason=unstable_if action=reinterpret pc=0x000000010c5ba6d8 method=java.io.BufferedReader.read()I @ 19
Event: 6.724 Thread 0x00007fdaa100a000 Uncommon trap: reason=unstable_if action=reinterpret pc=0x000000010c5be404 method=java.io.BufferedReader.read()I @ 19
Event: 6.780 Thread 0x00007fdaa100a000 Uncommon trap: reason=unstable_if action=reinterpret pc=0x000000010c598e44 method=java.lang.String.indexOf(II)I @ 49

Classes redefined (0 events):
No events

Internal exceptions (10 events):
Event: 6.979 Thread 0x00007fdaa100a000 Exception <a 'java/lang/ClassNotFoundException': org/apache/log4j/PatternLayoutBeanInfo> (0x0000000796d09fe8) thrown at [/Users/java_re/workspace/8-2-build-macosx-x86_64/jdk8u231/13620/hotspot/src/share/vm/classfile/systemDictionary.cpp, line 210]
Event: 6.980 Thread 0x00007fdaa100a000 Exception <a 'java/lang/ClassNotFoundException': org/apache/log4j/LayoutBeanInfo> (0x0000000796d0f0e0) thrown at [/Users/java_re/workspace/8-2-build-macosx-x86_64/jdk8u231/13620/hotspot/src/share/vm/classfile/systemDictionary.cpp, line 210]
Event: 6.980 Thread 0x00007fdaa100a000 Exception <a 'java/lang/ClassNotFoundException': java/lang/ObjectBeanInfo> (0x0000000796d11970) thrown at [/Users/java_re/workspace/8-2-build-macosx-x86_64/jdk8u231/13620/hotspot/src/share/vm/classfile/systemDictionary.cpp, line 210]
Event: 6.980 Thread 0x00007fdaa100a000 Exception <a 'java/lang/ClassNotFoundException': java/lang/ObjectCustomizer> (0x0000000796d14378) thrown at [/Users/java_re/workspace/8-2-build-macosx-x86_64/jdk8u231/13620/hotspot/src/share/vm/classfile/systemDictionary.cpp, line 210]
Event: 6.982 Thread 0x00007fdaa100a000 Exception <a 'java/lang/ArrayIndexOutOfBoundsException': 18> (0x0000000796d168b8) thrown at [/Users/java_re/workspace/8-2-build-macosx-x86_64/jdk8u231/13620/hotspot/src/share/vm/interpreter/interpreterRuntime.cpp, line 368]
Event: 6.983 Thread 0x00007fdaa100a000 Exception <a 'java/lang/ArrayIndexOutOfBoundsException': 22> (0x0000000796d19c00) thrown at [/Users/java_re/workspace/8-2-build-macosx-x86_64/jdk8u231/13620/hotspot/src/share/vm/interpreter/interpreterRuntime.cpp, line 368]
Event: 6.985 Thread 0x00007fdaa100a000 Exception <a 'java/lang/ArrayIndexOutOfBoundsException': 160> (0x0000000796d1bfd8) thrown at [/Users/java_re/workspace/8-2-build-macosx-x86_64/jdk8u231/13620/hotspot/src/share/vm/interpreter/interpreterRuntime.cpp, line 368]
Event: 6.989 Thread 0x00007fdaa100a000 Exception <a 'java/lang/ClassNotFoundException': org/apache/log4j/LayoutCustomizer> (0x0000000796d233f8) thrown at [/Users/java_re/workspace/8-2-build-macosx-x86_64/jdk8u231/13620/hotspot/src/share/vm/classfile/systemDictionary.cpp, line 210]
Event: 6.991 Thread 0x00007fdaa100a000 Exception <a 'java/lang/ClassNotFoundException': org/apache/log4j/PatternLayoutCustomizer> (0x0000000796d37f98) thrown at [/Users/java_re/workspace/8-2-build-macosx-x86_64/jdk8u231/13620/hotspot/src/share/vm/classfile/systemDictionary.cpp, line 210]
Event: 11.490 Thread 0x00007fdaa002d000 Exception <a 'java/lang/NullPointerException'> (0x000000079720e020) thrown at [/Users/java_re/workspace/8-2-build-macosx-x86_64/jdk8u231/13620/hotspot/src/share/vm/interpreter/linkResolver.cpp, line 1185]

Events (10 events):
Event: 33.392 loading class java/util/regex/Pattern$CharProperty$1
Event: 33.392 loading class java/util/regex/Pattern$CharProperty$1 done
Event: 33.393 loading class pucp/edu/cohmetrixesp/utils/SyllableMatcher
Event: 33.393 loading class pucp/edu/cohmetrixesp/utils/SyllableMatcher done
Event: 33.395 loading class java/util/regex/Pattern$Dot
Event: 33.395 loading class java/util/regex/Pattern$Dot done
Event: 33.395 loading class java/util/regex/Pattern$Curly
Event: 33.395 loading class java/util/regex/Pattern$Curly done
Event: 33.397 loading class edu/upc/freeling/TreePreorderIteratorNode
Event: 33.397 loading class edu/upc/freeling/TreePreorderIteratorNode done


Dynamic libraries:
0x00007fff33101000 	/System/Library/Frameworks/Cocoa.framework/Versions/A/Cocoa
0x00007fff40914000 	/System/Library/Frameworks/Security.framework/Versions/A/Security
0x00007fff3206b000 	/System/Library/Frameworks/ApplicationServices.framework/Versions/A/ApplicationServices
0x00007fff6d54c000 	/usr/lib/libz.1.dylib
0x00007fff6af82000 	/usr/lib/libSystem.B.dylib
0x00007fff6ce79000 	/usr/lib/libobjc.A.dylib
0x00007fff33fad000 	/System/Library/Frameworks/CoreFoundation.framework/Versions/A/CoreFoundation
0x00007fff36686000 	/System/Library/Frameworks/Foundation.framework/Versions/C/Foundation
0x00007fff3125c000 	/System/Library/Frameworks/AppKit.framework/Versions/C/AppKit
0x00007fff33a85000 	/System/Library/Frameworks/CoreData.framework/Versions/A/CoreData
0x00007fff64fa3000 	/System/Library/PrivateFrameworks/UIFoundation.framework/Versions/A/UIFoundation
0x00007fff60051000 	/System/Library/PrivateFrameworks/RemoteViewServices.framework/Versions/A/RemoteViewServices
0x00007fff67af7000 	/System/Library/PrivateFrameworks/XCTTargetBootstrap.framework/Versions/A/XCTTargetBootstrap
0x00007fff33e81000 	/System/Library/Frameworks/CoreDisplay.framework/Versions/A/CoreDisplay
0x00007fff39541000 	/System/Library/Frameworks/Metal.framework/Versions/A/Metal
0x00007fff4e0aa000 	/System/Library/PrivateFrameworks/DesktopServicesPriv.framework/Versions/A/DesktopServicesPriv
0x00007fff6c156000 	/usr/lib/liblangid.dylib
0x00007fff4d343000 	/System/Library/PrivateFrameworks/CoreSVG.framework/Versions/A/CoreSVG
0x00007fff631a7000 	/System/Library/PrivateFrameworks/SkyLight.framework/Versions/A/SkyLight
0x00007fff3442f000 	/System/Library/Frameworks/CoreGraphics.framework/Versions/A/CoreGraphics
0x00007fff2fbcb000 	/System/Library/Frameworks/Accelerate.framework/Versions/A/Accelerate
0x00007fff6d43d000 	/usr/lib/libxml2.2.dylib
0x00007fff59003000 	/System/Library/PrivateFrameworks/IconServices.framework/Versions/A/IconServices
0x00007fff36e65000 	/System/Library/Frameworks/IOSurface.framework/Versions/A/IOSurface
0x00007fff6aaac000 	/usr/lib/libDiagnosticMessagesClient.dylib
0x00007fff4df04000 	/System/Library/PrivateFrameworks/DFRFoundation.framework/Versions/A/DFRFoundation
0x00007fff6bee5000 	/usr/lib/libicucore.A.dylib
0x00007fff3239d000 	/System/Library/Frameworks/AudioToolbox.framework/Versions/A/AudioToolbox
0x00007fff32480000 	/System/Library/Frameworks/AudioUnit.framework/Versions/A/AudioUnit
0x00007fff6b21a000 	/usr/lib/libauto.dylib
0x00007fff4dfa6000 	/System/Library/PrivateFrameworks/DataDetectorsCore.framework/Versions/A/DataDetectorsCore
0x00007fff32c22000 	/System/Library/Frameworks/Carbon.framework/Versions/A/Frameworks/HIToolbox.framework/Versions/A/HIToolbox
0x00007fff3fb11000 	/System/Library/Frameworks/QuartzCore.framework/Versions/A/QuartzCore
0x00007fff32f61000 	/System/Library/Frameworks/Carbon.framework/Versions/A/Frameworks/SpeechRecognition.framework/Versions/A/SpeechRecognition
0x00007fff4da1b000 	/System/Library/PrivateFrameworks/CoreUI.framework/Versions/A/CoreUI
0x00007fff334f0000 	/System/Library/Frameworks/CoreAudio.framework/Versions/A/CoreAudio
0x00007fff3634b000 	/System/Library/Frameworks/DiskArbitration.framework/Versions/A/DiskArbitration
0x00007fff5b050000 	/System/Library/PrivateFrameworks/MultitouchSupport.framework/Versions/A/MultitouchSupport
0x00007fff6bdac000 	/usr/lib/libenergytrace.dylib
0x00007fff36dbf000 	/System/Library/Frameworks/IOKit.framework/Versions/A/IOKit
0x00007fff353b8000 	/System/Library/Frameworks/CoreServices.framework/Versions/A/CoreServices
0x00007fff5d1e7000 	/System/Library/PrivateFrameworks/PerformanceAnalysis.framework/Versions/A/PerformanceAnalysis
0x00007fff3eb44000 	/System/Library/Frameworks/OpenGL.framework/Versions/A/OpenGL
0x00007fff3310f000 	/System/Library/Frameworks/ColorSync.framework/Versions/A/ColorSync
0x00007fff34ad3000 	/System/Library/Frameworks/CoreImage.framework/Versions/A/CoreImage
0x00007fff35e2a000 	/System/Library/Frameworks/CoreText.framework/Versions/A/CoreText
0x00007fff36ef5000 	/System/Library/Frameworks/ImageIO.framework/Versions/A/ImageIO
0x00007fff6b2fe000 	/usr/lib/libc++.1.dylib
0x00007fff6b37a000 	/usr/lib/libcompression.dylib
0x00007fff6adf0000 	/usr/lib/libMobileGestalt.dylib
0x00007fff64d1c000 	/System/Library/PrivateFrameworks/TextureIO.framework/Versions/A/TextureIO
0x00007fff6b0e7000 	/usr/lib/libate.dylib
0x00007fff5920c000 	/System/Library/PrivateFrameworks/InternationalSupport.framework/Versions/A/InternationalSupport
0x00007fff6de0c000 	/usr/lib/system/libcache.dylib
0x00007fff6de12000 	/usr/lib/system/libcommonCrypto.dylib
0x00007fff6de1e000 	/usr/lib/system/libcompiler_rt.dylib
0x00007fff6de26000 	/usr/lib/system/libcopyfile.dylib
0x00007fff6de30000 	/usr/lib/system/libcorecrypto.dylib
0x00007fff6dfcf000 	/usr/lib/system/libdispatch.dylib
0x00007fff6e010000 	/usr/lib/system/libdyld.dylib
0x00007fff6e047000 	/usr/lib/system/libkeymgr.dylib
0x00007fff6e055000 	/usr/lib/system/liblaunch.dylib
0x00007fff6e056000 	/usr/lib/system/libmacho.dylib
0x00007fff6e05c000 	/usr/lib/system/libquarantine.dylib
0x00007fff6e05f000 	/usr/lib/system/libremovefile.dylib
0x00007fff6e061000 	/usr/lib/system/libsystem_asl.dylib
0x00007fff6e079000 	/usr/lib/system/libsystem_blocks.dylib
0x00007fff6e07a000 	/usr/lib/system/libsystem_c.dylib
0x00007fff6e102000 	/usr/lib/system/libsystem_configuration.dylib
0x00007fff6e106000 	/usr/lib/system/libsystem_coreservices.dylib
0x00007fff6e10a000 	/usr/lib/system/libsystem_darwin.dylib
0x00007fff6e113000 	/usr/lib/system/libsystem_dnssd.dylib
0x00007fff6e11b000 	/usr/lib/system/libsystem_featureflags.dylib
0x00007fff6e11d000 	/usr/lib/system/libsystem_info.dylib
0x00007fff6e198000 	/usr/lib/system/libsystem_m.dylib
0x00007fff6e1e4000 	/usr/lib/system/libsystem_malloc.dylib
0x00007fff6e20c000 	/usr/lib/system/libsystem_networkextension.dylib
0x00007fff6e21a000 	/usr/lib/system/libsystem_notify.dylib
0x00007fff6e238000 	/usr/lib/system/libsystem_sandbox.dylib
0x00007fff6e23d000 	/usr/lib/system/libsystem_secinit.dylib
0x00007fff6e16b000 	/usr/lib/system/libsystem_kernel.dylib
0x00007fff6e224000 	/usr/lib/system/libsystem_platform.dylib
0x00007fff6e22d000 	/usr/lib/system/libsystem_pthread.dylib
0x00007fff6e240000 	/usr/lib/system/libsystem_symptoms.dylib
0x00007fff6e248000 	/usr/lib/system/libsystem_trace.dylib
0x00007fff6e260000 	/usr/lib/system/libunwind.dylib
0x00007fff6e266000 	/usr/lib/system/libxpc.dylib
0x00007fff6b351000 	/usr/lib/libc++abi.dylib
0x00007fff6c158000 	/usr/lib/liblzma.5.dylib
0x00007fff6bdd3000 	/usr/lib/libfakelink.dylib
0x00007fff6b074000 	/usr/lib/libarchive.2.dylib
0x00007fff419c4000 	/System/Library/Frameworks/SystemConfiguration.framework/Versions/A/SystemConfiguration
0x00007fff6a9df000 	/usr/lib/libCRFSuite.dylib
0x00007fff32813000 	/System/Library/Frameworks/CFNetwork.framework/Versions/A/CFNetwork
0x00007fff6b2e0000 	/usr/lib/libbsm.0.dylib
0x00007fff6e048000 	/usr/lib/system/libkxld.dylib
0x00007fff478d9000 	/System/Library/PrivateFrameworks/AppleFSCompression.framework/Versions/A/AppleFSCompression
0x00007fff6b66c000 	/usr/lib/libcoretls.dylib
0x00007fff6b683000 	/usr/lib/libcoretls_cfhelpers.dylib
0x00007fff6cebe000 	/usr/lib/libpam.2.dylib
0x00007fff6cff3000 	/usr/lib/libsqlite3.dylib
0x00007fff6d42a000 	/usr/lib/libxar.1.dylib
0x00007fff6b2f1000 	/usr/lib/libbz2.1.0.dylib
0x00007fff6bdf4000 	/usr/lib/libiconv.2.dylib
0x00007fff6b367000 	/usr/lib/libcharset.1.dylib
0x00007fff6c95e000 	/usr/lib/libnetwork.dylib
0x00007fff6cec5000 	/usr/lib/libpcap.A.dylib
0x00007fff6b029000 	/usr/lib/libapple_nghttp2.dylib
0x00007fff3576f000 	/System/Library/Frameworks/CoreServices.framework/Versions/A/Frameworks/FSEvents.framework/Versions/A/FSEvents
0x00007fff3543f000 	/System/Library/Frameworks/CoreServices.framework/Versions/A/Frameworks/CarbonCore.framework/Versions/A/CarbonCore
0x00007fff359b2000 	/System/Library/Frameworks/CoreServices.framework/Versions/A/Frameworks/Metadata.framework/Versions/A/Metadata
0x00007fff35a4b000 	/System/Library/Frameworks/CoreServices.framework/Versions/A/Frameworks/OSServices.framework/Versions/A/OSServices
0x00007fff35a79000 	/System/Library/Frameworks/CoreServices.framework/Versions/A/Frameworks/SearchKit.framework/Versions/A/SearchKit
0x00007fff353b9000 	/System/Library/Frameworks/CoreServices.framework/Versions/A/Frameworks/AE.framework/Versions/A/AE
0x00007fff35778000 	/System/Library/Frameworks/CoreServices.framework/Versions/A/Frameworks/LaunchServices.framework/Versions/A/LaunchServices
0x00007fff35721000 	/System/Library/Frameworks/CoreServices.framework/Versions/A/Frameworks/DictionaryServices.framework/Versions/A/DictionaryServices
0x00007fff35ae1000 	/System/Library/Frameworks/CoreServices.framework/Versions/A/Frameworks/SharedFileList.framework/Versions/A/SharedFileList
0x00007fff3a964000 	/System/Library/Frameworks/NetFS.framework/Versions/A/NetFS
0x00007fff5b57f000 	/System/Library/PrivateFrameworks/NetAuth.framework/Versions/A/NetAuth
0x00007fff67ec4000 	/System/Library/PrivateFrameworks/login.framework/Versions/A/Frameworks/loginsupport.framework/Versions/A/loginsupport
0x00007fff647e9000 	/System/Library/PrivateFrameworks/TCC.framework/Versions/A/TCC
0x00007fff4c4b6000 	/System/Library/PrivateFrameworks/CoreNLP.framework/Versions/A/CoreNLP
0x00007fff5aa7e000 	/System/Library/PrivateFrameworks/MetadataUtilities.framework/Versions/A/MetadataUtilities
0x00007fff6c230000 	/usr/lib/libmecabra.dylib
0x00007fff6c188000 	/usr/lib/libmecab.dylib
0x00007fff6bde4000 	/usr/lib/libgermantok.dylib
0x00007fff6b010000 	/usr/lib/libThaiTokenizer.dylib
0x00007fff6aa16000 	/usr/lib/libChineseTokenizer.dylib
0x00007fff2fbe4000 	/System/Library/Frameworks/Accelerate.framework/Versions/A/Frameworks/vImage.framework/Versions/A/vImage
0x00007fff310b2000 	/System/Library/Frameworks/Accelerate.framework/Versions/A/Frameworks/vecLib.framework/Versions/A/vecLib
0x00007fff30f33000 	/System/Library/Frameworks/Accelerate.framework/Versions/A/Frameworks/vecLib.framework/Versions/A/libvMisc.dylib
0x00007fff30da0000 	/System/Library/Frameworks/Accelerate.framework/Versions/A/Frameworks/vecLib.framework/Versions/A/libvDSP.dylib
0x00007fff30480000 	/System/Library/Frameworks/Accelerate.framework/Versions/A/Frameworks/vecLib.framework/Versions/A/libBLAS.dylib
0x00007fff30958000 	/System/Library/Frameworks/Accelerate.framework/Versions/A/Frameworks/vecLib.framework/Versions/A/libLAPACK.dylib
0x00007fff30d00000 	/System/Library/Frameworks/Accelerate.framework/Versions/A/Frameworks/vecLib.framework/Versions/A/libLinearAlgebra.dylib
0x00007fff30d8d000 	/System/Library/Frameworks/Accelerate.framework/Versions/A/Frameworks/vecLib.framework/Versions/A/libSparseBLAS.dylib
0x00007fff30d16000 	/System/Library/Frameworks/Accelerate.framework/Versions/A/Frameworks/vecLib.framework/Versions/A/libQuadrature.dylib
0x00007fff30616000 	/System/Library/Frameworks/Accelerate.framework/Versions/A/Frameworks/vecLib.framework/Versions/A/libBNNS.dylib
0x00007fff30d1c000 	/System/Library/Frameworks/Accelerate.framework/Versions/A/Frameworks/vecLib.framework/Versions/A/libSparse.dylib
0x00007fff595f4000 	/System/Library/PrivateFrameworks/LanguageModeling.framework/Versions/A/LanguageModeling
0x00007fff4be66000 	/System/Library/PrivateFrameworks/CoreEmoji.framework/Versions/A/CoreEmoji
0x00007fff59712000 	/System/Library/PrivateFrameworks/LinguisticData.framework/Versions/A/LinguisticData
0x00007fff596c3000 	/System/Library/PrivateFrameworks/Lexicon.framework/Versions/A/Lexicon
0x00007fff6b368000 	/usr/lib/libcmph.dylib
0x00007fff3d552000 	/System/Library/Frameworks/OpenDirectory.framework/Versions/A/Frameworks/CFOpenDirectory.framework/Versions/A/CFOpenDirectory
0x00007fff3d56f000 	/System/Library/Frameworks/OpenDirectory.framework/Versions/A/OpenDirectory
0x00007fff4598f000 	/System/Library/PrivateFrameworks/APFS.framework/Versions/A/APFS
0x00007fff40c5e000 	/System/Library/Frameworks/SecurityFoundation.framework/Versions/A/SecurityFoundation
0x00007fff6d426000 	/usr/lib/libutil.dylib
0x00007fff4d39b000 	/System/Library/PrivateFrameworks/CoreServicesStore.framework/Versions/A/CoreServicesStore
0x00007fff40d15000 	/System/Library/Frameworks/ServiceManagement.framework/Versions/A/ServiceManagement
0x00007fff490a7000 	/System/Library/PrivateFrameworks/BackgroundTaskManagement.framework/Versions/A/BackgroundTaskManagement
0x00007fff6d523000 	/usr/lib/libxslt.1.dylib
0x00007fff47f4b000 	/System/Library/PrivateFrameworks/AppleSystemInfo.framework/Versions/A/AppleSystemInfo
0x00007fff37112000 	/System/Library/Frameworks/ImageIO.framework/Versions/A/Resources/libJPEG.dylib
0x00007fff373cf000 	/System/Library/Frameworks/ImageIO.framework/Versions/A/Resources/libTIFF.dylib
0x00007fff373b2000 	/System/Library/Frameworks/ImageIO.framework/Versions/A/Resources/libPng.dylib
0x00007fff37054000 	/System/Library/Frameworks/ImageIO.framework/Versions/A/Resources/libGIF.dylib
0x00007fff37058000 	/System/Library/Frameworks/ImageIO.framework/Versions/A/Resources/libJP2.dylib
0x00007fff373cd000 	/System/Library/Frameworks/ImageIO.framework/Versions/A/Resources/libRadiance.dylib
0x00007fff6bdad000 	/usr/lib/libexpat.1.dylib
0x00007fff47a34000 	/System/Library/PrivateFrameworks/AppleJPEG.framework/Versions/A/AppleJPEG
0x00007fff50676000 	/System/Library/PrivateFrameworks/FontServices.framework/libFontParser.dylib
0x00007fff66eca000 	/System/Library/PrivateFrameworks/WatchdogClient.framework/Versions/A/WatchdogClient
0x00007fff58c50000 	/System/Library/PrivateFrameworks/IOAccelerator.framework/Versions/A/IOAccelerator
0x00007fff398dc000 	/System/Library/Frameworks/MetalPerformanceShaders.framework/Versions/A/MetalPerformanceShaders
0x00007fff553e9000 	/System/Library/PrivateFrameworks/GPUWrangler.framework/Versions/A/GPUWrangler
0x00007fff58c65000 	/System/Library/PrivateFrameworks/IOPresentment.framework/Versions/A/IOPresentment
0x00007fff4df17000 	/System/Library/PrivateFrameworks/DSExternalDisplay.framework/Versions/A/DSExternalDisplay
0x00007fff3dee3000 	/System/Library/Frameworks/OpenGL.framework/Versions/A/Libraries/libCoreFSCache.dylib
0x00007fff39628000 	/System/Library/Frameworks/MetalPerformanceShaders.framework/Frameworks/MPSCore.framework/Versions/A/MPSCore
0x00007fff39666000 	/System/Library/Frameworks/MetalPerformanceShaders.framework/Frameworks/MPSImage.framework/Versions/A/MPSImage
0x00007fff3972d000 	/System/Library/Frameworks/MetalPerformanceShaders.framework/Frameworks/MPSNeuralNetwork.framework/Versions/A/MPSNeuralNetwork
0x00007fff396f1000 	/System/Library/Frameworks/MetalPerformanceShaders.framework/Frameworks/MPSMatrix.framework/Versions/A/MPSMatrix
0x00007fff3988c000 	/System/Library/Frameworks/MetalPerformanceShaders.framework/Frameworks/MPSRayIntersector.framework/Versions/A/MPSRayIntersector
0x00007fff39717000 	/System/Library/Frameworks/MetalPerformanceShaders.framework/Frameworks/MPSNDArray.framework/Versions/A/MPSNDArray
0x00007fff5aacb000 	/System/Library/PrivateFrameworks/MetalTools.framework/Versions/A/MetalTools
0x00007fff46b61000 	/System/Library/PrivateFrameworks/AggregateDictionary.framework/Versions/A/AggregateDictionary
0x00007fff4b8c0000 	/System/Library/PrivateFrameworks/CoreAnalytics.framework/Versions/A/CoreAnalytics
0x00007fff47e6a000 	/System/Library/PrivateFrameworks/AppleSauce.framework/Versions/A/AppleSauce
0x00007fff6acd2000 	/usr/lib/libIOReport.dylib
0x00007fff35fe2000 	/System/Library/Frameworks/CoreVideo.framework/Versions/A/CoreVideo
0x00007fff56863000 	/System/Library/PrivateFrameworks/GraphVisualizer.framework/Versions/A/GraphVisualizer
0x00007fff4fbca000 	/System/Library/PrivateFrameworks/FaceCore.framework/Versions/A/FaceCore
0x00007fff3d4f9000 	/System/Library/Frameworks/OpenCL.framework/Versions/A/OpenCL
0x00007fff6aaf4000 	/usr/lib/libFosl_dynamic.dylib
0x00007fff5bf94000 	/System/Library/PrivateFrameworks/OTSVG.framework/Versions/A/OTSVG
0x00007fff32170000 	/System/Library/Frameworks/ApplicationServices.framework/Versions/A/Frameworks/ATS.framework/Versions/A/Resources/libFontRegistry.dylib
0x00007fff50847000 	/System/Library/PrivateFrameworks/FontServices.framework/libhvf.dylib
0x00007fff3deee000 	/System/Library/Frameworks/OpenGL.framework/Versions/A/Libraries/libGFXShared.dylib
0x00007fff3e0cc000 	/System/Library/Frameworks/OpenGL.framework/Versions/A/Libraries/libGLU.dylib
0x00007fff3def7000 	/System/Library/Frameworks/OpenGL.framework/Versions/A/Libraries/libGL.dylib
0x00007fff3df02000 	/System/Library/Frameworks/OpenGL.framework/Versions/A/Libraries/libGLImage.dylib
0x00007fff3dee0000 	/System/Library/Frameworks/OpenGL.framework/Versions/A/Libraries/libCVMSPluginSupport.dylib
0x00007fff3dee9000 	/System/Library/Frameworks/OpenGL.framework/Versions/A/Libraries/libCoreVMClient.dylib
0x00007fff6c7ff000 	/usr/lib/libncurses.5.4.dylib
0x00007fff3206c000 	/System/Library/Frameworks/ApplicationServices.framework/Versions/A/Frameworks/ATS.framework/Versions/A/ATS
0x00007fff32239000 	/System/Library/Frameworks/ApplicationServices.framework/Versions/A/Frameworks/ColorSyncLegacy.framework/Versions/A/ColorSyncLegacy
0x00007fff322d7000 	/System/Library/Frameworks/ApplicationServices.framework/Versions/A/Frameworks/HIServices.framework/Versions/A/HIServices
0x00007fff3232f000 	/System/Library/Frameworks/ApplicationServices.framework/Versions/A/Frameworks/LangAnalysis.framework/Versions/A/LangAnalysis
0x00007fff3233e000 	/System/Library/Frameworks/ApplicationServices.framework/Versions/A/Frameworks/PrintCore.framework/Versions/A/PrintCore
0x00007fff32384000 	/System/Library/Frameworks/ApplicationServices.framework/Versions/A/Frameworks/QD.framework/Versions/A/QD
0x00007fff3238f000 	/System/Library/Frameworks/ApplicationServices.framework/Versions/A/Frameworks/SpeechSynthesis.framework/Versions/A/SpeechSynthesis
0x00007fff32209000 	/System/Library/Frameworks/ApplicationServices.framework/Versions/A/Frameworks/ATSUI.framework/Versions/A/ATSUI
0x00007fff6bc41000 	/usr/lib/libcups.2.dylib
0x00007fff38979000 	/System/Library/Frameworks/Kerberos.framework/Versions/A/Kerberos
0x00007fff36ab8000 	/System/Library/Frameworks/GSS.framework/Versions/A/GSS
0x00007fff6cf7f000 	/usr/lib/libresolv.9.dylib
0x00007fff56a11000 	/System/Library/PrivateFrameworks/Heimdal.framework/Versions/A/Heimdal
0x00007fff3898c000 	/System/Library/Frameworks/Kerberos.framework/Versions/A/Libraries/libHeimdalProxy.dylib
0x00007fff6bdea000 	/usr/lib/libheimdal-asn1.dylib
0x00007fff4ad59000 	/System/Library/PrivateFrameworks/CommonAuth.framework/Versions/A/CommonAuth
0x00007fff47fe8000 	/System/Library/PrivateFrameworks/AssertionServices.framework/Versions/A/AssertionServices
0x00007fff48b8a000 	/System/Library/PrivateFrameworks/AudioToolboxCore.framework/Versions/A/AudioToolboxCore
0x00007fff67b74000 	/System/Library/PrivateFrameworks/caulk.framework/Versions/A/caulk
0x00007fff49153000 	/System/Library/PrivateFrameworks/BaseBoard.framework/Versions/A/BaseBoard
0x00007fff601df000 	/System/Library/PrivateFrameworks/RunningBoardServices.framework/Versions/A/RunningBoardServices
0x00007fff5d1f3000 	/System/Library/PrivateFrameworks/PersistentConnection.framework/Versions/A/PersistentConnection
0x00007fff5fbd9000 	/System/Library/PrivateFrameworks/ProtocolBuffer.framework/Versions/A/ProtocolBuffer
0x00007fff4ad7d000 	/System/Library/PrivateFrameworks/CommonUtilities.framework/Versions/A/CommonUtilities
0x00007fff492e1000 	/System/Library/PrivateFrameworks/Bom.framework/Versions/A/Bom
0x00007fff6a9a5000 	/usr/lib/libAudioToolboxUtility.dylib
0x00007fff490b1000 	/System/Library/PrivateFrameworks/Backup.framework/Versions/A/Backup
0x00007fff4de38000 	/System/Library/PrivateFrameworks/CrashReporterSupport.framework/Versions/A/CrashReporterSupport
0x00007fff61c6d000 	/System/Library/PrivateFrameworks/Sharing.framework/Versions/A/Sharing
0x00007fff475f7000 	/System/Library/PrivateFrameworks/Apple80211.framework/Versions/A/Apple80211
0x00007fff48dce000 	/System/Library/PrivateFrameworks/AuthKit.framework/Versions/A/AuthKit
0x00007fff4db48000 	/System/Library/PrivateFrameworks/CoreUtils.framework/Versions/A/CoreUtils
0x00007fff36027000 	/System/Library/Frameworks/CoreWLAN.framework/Versions/A/CoreWLAN
0x00007fff36c45000 	/System/Library/Frameworks/IOBluetooth.framework/Versions/A/IOBluetooth
0x00007fff5adcf000 	/System/Library/PrivateFrameworks/MobileKeyBag.framework/Versions/A/MobileKeyBag
0x00007fff4c94e000 	/System/Library/PrivateFrameworks/CorePhoneNumbers.framework/Versions/A/CorePhoneNumbers
0x00007fff479e7000 	/System/Library/PrivateFrameworks/AppleIDAuthSupport.framework/Versions/A/AppleIDAuthSupport
0x00007fff3a971000 	/System/Library/Frameworks/Network.framework/Versions/A/Network
0x00007fff594a0000 	/System/Library/PrivateFrameworks/KeychainCircle.framework/Versions/A/KeychainCircle
0x00007fff33a4c000 	/System/Library/Frameworks/CoreBluetooth.framework/Versions/A/CoreBluetooth
0x00007fff63cea000 	/System/Library/PrivateFrameworks/SpeechRecognitionCore.framework/Versions/A/SpeechRecognitionCore
0x0000000104600000 	/Library/Java/JavaVirtualMachines/jdk1.8.0_231.jdk/Contents/Home/jre/lib/server/libjvm.dylib
0x00007fff6d2f9000 	/usr/lib/libstdc++.6.dylib
0x0000000103c8c000 	/Library/Java/JavaVirtualMachines/jdk1.8.0_231.jdk/Contents/Home/jre/lib/libverify.dylib
0x0000000103c9a000 	/Library/Java/JavaVirtualMachines/jdk1.8.0_231.jdk/Contents/Home/jre/lib/libjava.dylib
0x0000000103d1a000 	/Library/Java/JavaVirtualMachines/jdk1.8.0_231.jdk/Contents/Home/jre/lib/libzip.dylib
0x000000010beb0000 	/Users/SamHarrison/WorkProjects2018/freeling4.1/java/libfreeling_javaAPI.dylib
0x000000011cf8f000 	/usr/local/opt/freeling/lib/libfreeling.dylib
0x000000010c08c000 	/usr/local/opt/boost/lib/libboost_system-mt.dylib
0x000000011d264000 	/usr/local/Cellar/freeling/4.1_5/lib/libfoma.dylib
0x000000010c08e000 	/usr/local/Cellar/freeling/4.1_5/lib/libtreeler.dylib
0x000000010c0d4000 	/usr/local/opt/boost/lib/libboost_regex-mt.dylib
0x000000010c1d7000 	/usr/local/opt/boost/lib/libboost_filesystem-mt.dylib
0x000000010c1fc000 	/usr/local/opt/boost/lib/libboost_thread-mt.dylib
0x000000010c227000 	/usr/local/opt/boost/lib/libboost_program_options-mt.dylib
0x000000011eabc000 	/usr/local/opt/icu4c/lib/libicuuc.66.dylib
0x000000011ec46000 	/usr/local/opt/icu4c/lib/libicui18n.66.dylib
0x000000011eebb000 	/usr/local/opt/icu4c/lib/libicudata.66.dylib
0x0000000120a64000 	/Library/Java/JavaVirtualMachines/jdk1.8.0_231.jdk/Contents/Home/jre/lib/libnet.dylib

VM Arguments:
jvm_args: -Dfile.encoding=UTF-8 
java_command: Main
java_class_path (initial): /Users/SamHarrison/WorkProjects2018/coh-metrix-esp/target/classes:/Users/SamHarrison/WorkProjects2018/coh-metrix-esp/jars/commons-math3-3.2/commons-math3-3.2.jar:/Users/SamHarrison/WorkProjects2018/coh-metrix-esp/jars/gson-2.2.4.jar:/Users/SamHarrison/WorkProjects2018/coh-metrix-esp/jars/spark-0.9.9-SNAPSHOT.jar:/Users/SamHarrison/WorkProjects2018/coh-metrix-esp/jars/weka.jar:/Users/SamHarrison/.p2/pool/plugins/org.junit_4.12.0.v201504281640/junit.jar:/Users/SamHarrison/.p2/pool/plugins/org.hamcrest.core_1.3.0.v20180420-1519.jar:/Users/SamHarrison/WorkProjects2018/freeling4.1/java/freeling.jar:/Users/SamHarrison/WorkProjects2018/coh-metrix-esp/jars/freeling.jar:/Users/SamHarrison/.m2/repository/log4j/log4j/1.2.17/log4j-1.2.17.jar:/Users/SamHarrison/.m2/repository/jetty/jetty/6.0.0beta6/jetty-6.0.0beta6.jar:/Users/SamHarrison/.m2/repository/org/mortbay/jetty/servlet-api/3.0.pre4/servlet-api-3.0.pre4.jar
Launcher Type: SUN_STANDARD

Environment Variables:
PATH=/usr/bin:/bin:/usr/sbin:/sbin
SHELL=/bin/bash
DISPLAY=/private/tmp/com.apple.launchd.AVBscCQJM9/org.macosforge.xquartz:0

Signal Handlers:
SIGSEGV: [libjvm.dylib+0x5b7e2b], sa_mask[0]=11111111011111110111111111111111, sa_flags=SA_ONSTACK|SA_RESTART|SA_SIGINFO
SIGBUS: [libjvm.dylib+0x5b7e2b], sa_mask[0]=11111111011111110111111111111111, sa_flags=SA_RESTART|SA_SIGINFO
SIGFPE: [libjvm.dylib+0x48c6ec], sa_mask[0]=11111111011111110111111111111111, sa_flags=SA_RESTART|SA_SIGINFO
SIGPIPE: [libjvm.dylib+0x48c6ec], sa_mask[0]=11111111011111110111111111111111, sa_flags=SA_RESTART|SA_SIGINFO
SIGXFSZ: [libjvm.dylib+0x48c6ec], sa_mask[0]=11111111011111110111111111111111, sa_flags=SA_RESTART|SA_SIGINFO
SIGILL: [libjvm.dylib+0x48c6ec], sa_mask[0]=11111111011111110111111111111111, sa_flags=SA_RESTART|SA_SIGINFO
SIGUSR1: SIG_DFL, sa_mask[0]=00000000000000000000000000000000, sa_flags=none
SIGUSR2: [libjvm.dylib+0x48c20a], sa_mask[0]=00100000000000000000000000000000, sa_flags=SA_RESTART|SA_SIGINFO
SIGHUP: [libjvm.dylib+0x48a795], sa_mask[0]=11111111011111110111111111111111, sa_flags=SA_RESTART|SA_SIGINFO
SIGINT: [libjvm.dylib+0x48a795], sa_mask[0]=11111111011111110111111111111111, sa_flags=SA_RESTART|SA_SIGINFO
SIGTERM: [libjvm.dylib+0x48a795], sa_mask[0]=11111111011111110111111111111111, sa_flags=SA_RESTART|SA_SIGINFO
SIGQUIT: [libjvm.dylib+0x48a795], sa_mask[0]=11111111011111110111111111111111, sa_flags=SA_RESTART|SA_SIGINFO


---------------  S Y S T E M  ---------------

OS:Bsduname:Darwin 19.4.0 Darwin Kernel Version 19.4.0: Wed Mar  4 22:28:40 PST 2020; root:xnu-6153.101.6~15/RELEASE_X86_64 x86_64
rlimit: STACK 8192k, CORE 0k, NPROC 1392, NOFILE 10240, AS infinity
load average:2.60 2.94 3.03

CPU:total 4 (initial active 4) (2 cores per cpu, 2 threads per core) family 6 model 58 stepping 9, cmov, cx8, fxsr, mmx, sse, sse2, sse3, ssse3, sse4.1, sse4.2, popcnt, avx, aes, clmul, erms, ht, tsc, tscinvbit, tscinv

Memory: 4k page, physical 8388608k(455520k free)

/proc/meminfo:


vm_info: Java HotSpot(TM) 64-Bit Server VM (25.231-b11) for bsd-amd64 JRE (1.8.0_231-b11), built on Oct  5 2019 03:15:25 by "java_re" with gcc 4.2.1 (Based on Apple Inc. build 5658) (LLVM build 2336.11.00)

time: Mon May  4 21:15:32 2020
timezone: BST
elapsed time: 33 seconds (0d 0h 0m 33s)

