#
# A fatal error has been detected by the Java Runtime Environment:
#
#  SIGSEGV (0xb) at pc=0x00000001176cb51f, pid=57576, tid=0x0000000000004203
#
# JRE version: Java(TM) SE Runtime Environment (8.0_231-b11) (build 1.8.0_231-b11)
# Java VM: Java HotSpot(TM) 64-Bit Server VM (25.231-b11 mixed mode bsd-amd64 compressed oops)
# Problematic frame:
# C  [libfreeling_javaAPI.dylib+0x2051f]  _ZNK8freeling28basic_nonconst_tree_iteratorINS_4nodeEEptEv+0xf
#
# Failed to write core dump. Core dumps have been disabled. To enable core dumping, try "ulimit -c unlimited" before starting Java again
#
# If you would like to submit a bug report, please visit:
#   http://bugreport.java.com/bugreport/crash.jsp
# The crash happened outside the Java Virtual Machine in native code.
# See problematic frame for where to report the bug.
#

---------------  T H R E A D  ---------------

Current thread (0x00007fb6fbabb000):  JavaThread "BoundedThreadPool0-1" [_thread_in_native, id=16899, stack(0x000070001100e000,0x000070001110e000)]

siginfo: si_signo: 11 (SIGSEGV), si_code: 1 (SEGV_MAPERR), si_addr: 0x0000000000000000

Registers:
RAX=0x0000000000000000, RBX=0x000000011446da00, RCX=0x0000000000000002, RDX=0x0000000000000002
RSP=0x000070001110cee0, RBP=0x000070001110cee0, RSI=0x0000000000000000, RDI=0x00007fb6fb683390
R8 =0x000000000000cfba, R9 =0x0000000000000005, R10=0x00000001189bd63b, R11=0x000000010e6e96e3
R12=0x0000000000000000, R13=0x000000011446da00, R14=0x000070001110d028, R15=0x00007fb6fbabb000
RIP=0x00000001176cb51f, EFLAGS=0x0000000000010202, ERR=0x0000000000000004
  TRAPNO=0x000000000000000e

Top of Stack: (sp=0x000070001110cee0)
0x000070001110cee0:   000070001110cf90 00000001176ccef5
0x000070001110cef0:   000070001110cf10 000000010e3433d6
0x000070001110cf00:   000000011446da00 000000011446da00
0x000070001110cf10:   000070001110cf80 000000010e4e9677
0x000070001110cf20:   00007fb6fbabb000 00007fb6fbabb000
0x000070001110cf30:   00007fb6fbabb000 000000011446da00
0x000070001110cf40:   00007fb6fbabb000 0000000000000000
0x000070001110cf50:   0000000000000000 0000000000000000
0x000070001110cf60:   00007fb6fb683390 0000000000000000
0x000070001110cf70:   000070001110d018 00007fb6fb683390
0x000070001110cf80:   000070001110d008 00007fb6fbabb1f8
0x000070001110cf90:   000070001110cff8 00000001189bd667
0x000070001110cfa0:   000070001110cff8 00000001189bd3c7
0x000070001110cfb0:   00000001189bd382 000070001110cfb8
0x000070001110cfc0:   000000011446da00 000070001110d028
0x000070001110cfd0:   00000001144978a0 0000000000000000
0x000070001110cfe0:   000000011446da00 0000000000000000
0x000070001110cff0:   000070001110d018 000070001110d070
0x000070001110d000:   00000001189ad040 0000000795710ab8
0x000070001110d010:   00000001189b6d1b 00000007973e8978
0x000070001110d020:   00007fb6fb683390 00000007973e8978
0x000070001110d030:   000070001110d030 00000001147b3d25
0x000070001110d040:   000070001110d080 00000001147b42f0
0x000070001110d050:   0000000000000000 00000001147b3d30
0x000070001110d060:   000070001110d018 000070001110d080
0x000070001110d070:   000070001110d0c8 00000001189ad040
0x000070001110d080:   00000007973e8978 000070001110d088
0x000070001110d090:   00000001144a6a1d 000070001110d148
0x000070001110d0a0:   00000001144a98a8 0000000000000000
0x000070001110d0b0:   00000001144a6b18 000070001110d080
0x000070001110d0c0:   000070001110d120 000070001110d190
0x000070001110d0d0:   00000001189ad2bd 0000000000000000 

Instructions: (pc=0x00000001176cb51f)
0x00000001176cb4ff:   d8 48 8b 45 d8 48 83 c4 40 5d c3 66 0f 1f 44 00
0x00000001176cb50f:   00 55 48 89 e5 48 89 7d f8 48 8b 45 f8 48 8b 00
0x00000001176cb51f:   48 8b 00 5d c3 66 2e 0f 1f 84 00 00 00 00 00 66
0x00000001176cb52f:   90 55 48 89 e5 48 83 ec 40 48 89 7d f8 48 89 75 

Register to memory mapping:

RAX=0x0000000000000000 is an unknown value
RBX={method} {0x000000011446da00} 'TreePreorderIteratorNode_getLabel' '(JLedu/upc/freeling/TreePreorderIteratorNode;)Ljava/lang/String;' in 'edu/upc/freeling/JfreelingJNI'
RCX=0x0000000000000002 is an unknown value
RDX=0x0000000000000002 is an unknown value
RSP=0x000070001110cee0 is pointing into the stack for thread: 0x00007fb6fbabb000
RBP=0x000070001110cee0 is pointing into the stack for thread: 0x00007fb6fbabb000
RSI=0x0000000000000000 is an unknown value
RDI=0x00007fb6fb683390 is an unknown value
R8 =0x000000000000cfba is an unknown value
R9 =0x0000000000000005 is an unknown value
R10=0x00000001189bd63b is at code_begin+859 in an Interpreter codelet
method entry point (kind = native)  [0x00000001189bd2e0, 0x00000001189bdc40]  2400 bytes
R11=0x000000010e6e96e3: throw_unsatisfied_link_error+0 in /Library/Java/JavaVirtualMachines/jdk1.8.0_231.jdk/Contents/Home/jre/lib/server/libjvm.dylib at 0x000000010e200000
R12=0x0000000000000000 is an unknown value
R13={method} {0x000000011446da00} 'TreePreorderIteratorNode_getLabel' '(JLedu/upc/freeling/TreePreorderIteratorNode;)Ljava/lang/String;' in 'edu/upc/freeling/JfreelingJNI'
R14=0x000070001110d028 is pointing into the stack for thread: 0x00007fb6fbabb000
R15=0x00007fb6fbabb000 is a thread


Stack: [0x000070001100e000,0x000070001110e000],  sp=0x000070001110cee0,  free space=1019k
Native frames: (J=compiled Java code, j=interpreted, Vv=VM code, C=native code)
C  [libfreeling_javaAPI.dylib+0x2051f]  _ZNK8freeling28basic_nonconst_tree_iteratorINS_4nodeEEptEv+0xf
C  [libfreeling_javaAPI.dylib+0x21ef5]  Java_edu_upc_freeling_JfreelingJNI_TreePreorderIteratorNode_1getLabel+0x45
j  edu.upc.freeling.JfreelingJNI.TreePreorderIteratorNode_getLabel(JLedu/upc/freeling/TreePreorderIteratorNode;)Ljava/lang/String;+0
j  edu.upc.freeling.TreePreorderIteratorNode.getLabel()Ljava/lang/String;+5
j  pucp.edu.cohmetrixesp.metrics.SyntacticComplexityAnalyzer.countNodes(Ledu/upc/freeling/TreeOfNode;[ILjava/lang/String;[Ljava/lang/String;Z)V+101
j  pucp.edu.cohmetrixesp.metrics.SyntacticComplexityAnalyzer.meanModifiersPerNP(Lpucp/edu/cohmetrixesp/structs/CohText;)D+61
j  pucp.edu.cohmetrixesp.metrics.SyntacticComplexityAnalyzer.analyze(Ljava/util/Map;Lpucp/edu/cohmetrixesp/structs/CohText;)V+7
j  pucp.edu.cohmetrixesp.metrics.MetricsEngine.analyzeClasified(Ljava/lang/String;)Ljava/util/Map;+161
j  Main$1.handle(Lspark/Request;Lspark/Response;)Ljava/lang/Object;+24
j  spark.webserver.MatcherFilter.doFilter(Ljavax/servlet/ServletRequest;Ljavax/servlet/ServletResponse;Ljavax/servlet/FilterChain;)V+351
j  spark.webserver.JettyHandler$FilterChainImpl.doFilter(Ljavax/servlet/ServletRequest;Ljavax/servlet/ServletResponse;)V+27
j  spark.webserver.JettyHandler.handle(Ljava/lang/String;Ljavax/servlet/http/HttpServletRequest;Ljavax/servlet/http/HttpServletResponse;I)Z+27
j  org.mortbay.jetty.Server.handle(Ljava/lang/String;Ljavax/servlet/http/HttpServletRequest;Ljavax/servlet/http/HttpServletResponse;I)Z+49
j  org.mortbay.jetty.Server.handle(Lorg/mortbay/jetty/HttpConnection;)V+111
j  org.mortbay.jetty.HttpConnection.doHandler()V+90
j  org.mortbay.jetty.HttpConnection.access$1600(Lorg/mortbay/jetty/HttpConnection;)V+1
j  org.mortbay.jetty.HttpConnection$RequestHandler.headerComplete()V+236
j  org.mortbay.jetty.HttpParser.parseNext()Z+1507
j  org.mortbay.jetty.HttpParser.parseAvailable()V+25
j  org.mortbay.jetty.HttpConnection.handle()V+56
j  org.mortbay.jetty.bio.SocketConnector$Connection.run()V+11
j  org.mortbay.thread.BoundedThreadPool$PoolThread.run()V+144
v  ~StubRoutines::call_stub
V  [libjvm.dylib+0x2f0792]
V  [libjvm.dylib+0x2f0f36]
V  [libjvm.dylib+0x2f10e2]
V  [libjvm.dylib+0x34b9d1]
V  [libjvm.dylib+0x571817]
V  [libjvm.dylib+0x572f12]
V  [libjvm.dylib+0x48f0fa]
C  [libsystem_pthread.dylib+0x6109]  _pthread_start+0x94
C  [libsystem_pthread.dylib+0x1b8b]  thread_start+0xf
C  0x0000000000000000

Java frames: (J=compiled Java code, j=interpreted, Vv=VM code)
j  edu.upc.freeling.JfreelingJNI.TreePreorderIteratorNode_getLabel(JLedu/upc/freeling/TreePreorderIteratorNode;)Ljava/lang/String;+0
j  edu.upc.freeling.TreePreorderIteratorNode.getLabel()Ljava/lang/String;+5
j  pucp.edu.cohmetrixesp.metrics.SyntacticComplexityAnalyzer.countNodes(Ledu/upc/freeling/TreeOfNode;[ILjava/lang/String;[Ljava/lang/String;Z)V+101
j  pucp.edu.cohmetrixesp.metrics.SyntacticComplexityAnalyzer.meanModifiersPerNP(Lpucp/edu/cohmetrixesp/structs/CohText;)D+61
j  pucp.edu.cohmetrixesp.metrics.SyntacticComplexityAnalyzer.analyze(Ljava/util/Map;Lpucp/edu/cohmetrixesp/structs/CohText;)V+7
j  pucp.edu.cohmetrixesp.metrics.MetricsEngine.analyzeClasified(Ljava/lang/String;)Ljava/util/Map;+161
j  Main$1.handle(Lspark/Request;Lspark/Response;)Ljava/lang/Object;+24
j  spark.webserver.MatcherFilter.doFilter(Ljavax/servlet/ServletRequest;Ljavax/servlet/ServletResponse;Ljavax/servlet/FilterChain;)V+351
j  spark.webserver.JettyHandler$FilterChainImpl.doFilter(Ljavax/servlet/ServletRequest;Ljavax/servlet/ServletResponse;)V+27
j  spark.webserver.JettyHandler.handle(Ljava/lang/String;Ljavax/servlet/http/HttpServletRequest;Ljavax/servlet/http/HttpServletResponse;I)Z+27
j  org.mortbay.jetty.Server.handle(Ljava/lang/String;Ljavax/servlet/http/HttpServletRequest;Ljavax/servlet/http/HttpServletResponse;I)Z+49
j  org.mortbay.jetty.Server.handle(Lorg/mortbay/jetty/HttpConnection;)V+111
j  org.mortbay.jetty.HttpConnection.doHandler()V+90
j  org.mortbay.jetty.HttpConnection.access$1600(Lorg/mortbay/jetty/HttpConnection;)V+1
j  org.mortbay.jetty.HttpConnection$RequestHandler.headerComplete()V+236
j  org.mortbay.jetty.HttpParser.parseNext()Z+1507
j  org.mortbay.jetty.HttpParser.parseAvailable()V+25
j  org.mortbay.jetty.HttpConnection.handle()V+56
j  org.mortbay.jetty.bio.SocketConnector$Connection.run()V+11
j  org.mortbay.thread.BoundedThreadPool$PoolThread.run()V+144
v  ~StubRoutines::call_stub

---------------  P R O C E S S  ---------------

Java Threads: ( => current thread )
=>0x00007fb6fbabb000 JavaThread "BoundedThreadPool0-1" [_thread_in_native, id=16899, stack(0x000070001100e000,0x000070001110e000)]
  0x00007fb6fb8a7000 JavaThread "BoundedThreadPool0-0 - Acceptor0 Connector null:4567" [_thread_in_native, id=17155, stack(0x0000700010f0b000,0x000070001100b000)]
  0x00007fb6fd12d000 JavaThread "DestroyJavaVM" [_thread_blocked, id=3331, stack(0x000070000fed8000,0x000070000ffd8000)]
  0x00007fb6fca13000 JavaThread "Thread-0" [_thread_in_native, id=12039, stack(0x0000700010e08000,0x0000700010f08000)]
  0x00007fb6fc846800 JavaThread "Service Thread" daemon [_thread_blocked, id=17667, stack(0x0000700010c02000,0x0000700010d02000)]
  0x00007fb6fb87e800 JavaThread "C1 CompilerThread2" daemon [_thread_blocked, id=13827, stack(0x0000700010aff000,0x0000700010bff000)]
  0x00007fb6fc844000 JavaThread "C2 CompilerThread1" daemon [_thread_blocked, id=13315, stack(0x00007000109fc000,0x0000700010afc000)]
  0x00007fb6fc842000 JavaThread "C2 CompilerThread0" daemon [_thread_in_native, id=18179, stack(0x00007000108f9000,0x00007000109f9000)]
  0x00007fb6fc02e000 JavaThread "Signal Dispatcher" daemon [_thread_blocked, id=12803, stack(0x00007000107f6000,0x00007000108f6000)]
  0x00007fb6fc83e800 JavaThread "Finalizer" daemon [_thread_blocked, id=11011, stack(0x00007000105ed000,0x00007000106ed000)]
  0x00007fb6fc83c000 JavaThread "Reference Handler" daemon [_thread_blocked, id=20739, stack(0x00007000104ea000,0x00007000105ea000)]

Other Threads:
  0x00007fb6fd020800 VMThread [stack: 0x00007000103e7000,0x00007000104e7000] [id=21251]
  0x00007fb6fb80f000 WatcherThread [stack: 0x0000700010d05000,0x0000700010e05000] [id=14339]

VM state:not at safepoint (normal execution)

VM Mutex/Monitor currently owned by a thread: None

heap address: 0x0000000740000000, size: 2048 MB, Compressed Oops mode: Zero based, Oop shift amount: 3
Narrow klass base: 0x0000000000000000, Narrow klass shift: 3
Compressed class space size: 1073741824 Address: 0x00000007c0000000

Heap:
 PSYoungGen      total 38400K, used 31643K [0x0000000795580000, 0x0000000798000000, 0x00000007c0000000)
  eden space 33280K, 95% used [0x0000000795580000,0x0000000797466e20,0x0000000797600000)
  from space 5120K, 0% used [0x0000000797b00000,0x0000000797b00000,0x0000000798000000)
  to   space 5120K, 0% used [0x0000000797600000,0x0000000797600000,0x0000000797b00000)
 ParOldGen       total 87552K, used 0K [0x0000000740000000, 0x0000000745580000, 0x0000000795580000)
  object space 87552K, 0% used [0x0000000740000000,0x0000000740000000,0x0000000745580000)
 Metaspace       used 8479K, capacity 8660K, committed 8704K, reserved 1056768K
  class space    used 916K, capacity 990K, committed 1024K, reserved 1048576K

Card table byte_map: [0x000000010f57a000,0x000000010f97b000] byte_map_base: 0x000000010bb7a000

Marking Bits: (ParMarkBitMap*) 0x000000010eafceb0
 Begin Bits: [0x000000010fc26000, 0x0000000111c26000)
 End Bits:   [0x0000000111c26000, 0x0000000113c26000)

Polling page: 0x000000010d99f000

CodeCache: size=245760Kb used=2911Kb max_used=2911Kb free=242848Kb
 bounds [0x00000001189a5000, 0x0000000118c85000, 0x00000001279a5000]
 total_blobs=1059 nmethods=695 adapters=278
 compilation: enabled

Compilation events (10 events):
Event: 12.268 Thread 0x00007fb6fb87e800  692       3       java.util.regex.Pattern::append (39 bytes)
Event: 12.268 Thread 0x00007fb6fb87e800 nmethod 692 0x0000000118c77e50 code [0x0000000118c77fc0, 0x0000000118c78308]
Event: 12.268 Thread 0x00007fb6fb87e800  694       3       java.util.regex.Pattern::compile (406 bytes)
Event: 12.272 Thread 0x00007fb6fb87e800 nmethod 694 0x0000000118c78450 code [0x0000000118c78800, 0x0000000118c7aaa8]
Event: 12.272 Thread 0x00007fb6fb87e800  693   !   3       java.util.regex.Pattern::<init> (98 bytes)
Event: 12.273 Thread 0x00007fb6fb87e800 nmethod 693 0x0000000118c7b890 code [0x0000000118c7ba80, 0x0000000118c7c448]
Event: 12.273 Thread 0x00007fb6fb87e800  695   !   3       java.util.regex.Pattern::matcher (44 bytes)
Event: 12.274 Thread 0x00007fb6fb87e800 nmethod 695 0x0000000118c7c910 code [0x0000000118c7caa0, 0x0000000118c7cf18]
Event: 12.274 Thread 0x00007fb6fb87e800  696       3       java.util.regex.Pattern::read (33 bytes)
Event: 12.274 Thread 0x00007fb6fb87e800 nmethod 696 0x0000000118c7d050 code [0x0000000118c7d1e0, 0x0000000118c7d4a8]

GC Heap History (0 events):
No events

Deoptimization events (3 events):
Event: 6.667 Thread 0x00007fb6fc009800 Uncommon trap: reason=unstable_if action=reinterpret pc=0x0000000118af91d8 method=java.io.BufferedReader.read()I @ 19
Event: 6.671 Thread 0x00007fb6fc009800 Uncommon trap: reason=unstable_if action=reinterpret pc=0x0000000118af8b84 method=java.io.BufferedReader.read()I @ 19
Event: 6.723 Thread 0x00007fb6fc009800 Uncommon trap: reason=unstable_if action=reinterpret pc=0x0000000118ad9dc4 method=java.lang.String.indexOf(II)I @ 49

Classes redefined (0 events):
No events

Internal exceptions (10 events):
Event: 6.829 Thread 0x00007fb6fc009800 Exception <a 'java/lang/NoSuchFieldError': method resolution failed> (0x0000000795be00b8) thrown at [/Users/java_re/workspace/8-2-build-macosx-x86_64/jdk8u231/13620/hotspot/src/share/vm/prims/methodHandles.cpp, line 1167]
Event: 6.933 Thread 0x00007fb6fc009800 Exception <a 'java/lang/ClassNotFoundException': org/apache/log4j/PatternLayoutBeanInfo> (0x0000000796d0a288) thrown at [/Users/java_re/workspace/8-2-build-macosx-x86_64/jdk8u231/13620/hotspot/src/share/vm/classfile/systemDictionary.cpp, line 210]
Event: 6.933 Thread 0x00007fb6fc009800 Exception <a 'java/lang/ClassNotFoundException': org/apache/log4j/LayoutBeanInfo> (0x0000000796d0f380) thrown at [/Users/java_re/workspace/8-2-build-macosx-x86_64/jdk8u231/13620/hotspot/src/share/vm/classfile/systemDictionary.cpp, line 210]
Event: 6.933 Thread 0x00007fb6fc009800 Exception <a 'java/lang/ClassNotFoundException': java/lang/ObjectBeanInfo> (0x0000000796d11c10) thrown at [/Users/java_re/workspace/8-2-build-macosx-x86_64/jdk8u231/13620/hotspot/src/share/vm/classfile/systemDictionary.cpp, line 210]
Event: 6.934 Thread 0x00007fb6fc009800 Exception <a 'java/lang/ClassNotFoundException': java/lang/ObjectCustomizer> (0x0000000796d14618) thrown at [/Users/java_re/workspace/8-2-build-macosx-x86_64/jdk8u231/13620/hotspot/src/share/vm/classfile/systemDictionary.cpp, line 210]
Event: 6.936 Thread 0x00007fb6fc009800 Exception <a 'java/lang/ArrayIndexOutOfBoundsException': 18> (0x0000000796d16b58) thrown at [/Users/java_re/workspace/8-2-build-macosx-x86_64/jdk8u231/13620/hotspot/src/share/vm/interpreter/interpreterRuntime.cpp, line 368]
Event: 6.937 Thread 0x00007fb6fc009800 Exception <a 'java/lang/ArrayIndexOutOfBoundsException': 22> (0x0000000796d19ea0) thrown at [/Users/java_re/workspace/8-2-build-macosx-x86_64/jdk8u231/13620/hotspot/src/share/vm/interpreter/interpreterRuntime.cpp, line 368]
Event: 6.938 Thread 0x00007fb6fc009800 Exception <a 'java/lang/ArrayIndexOutOfBoundsException': 160> (0x0000000796d1c278) thrown at [/Users/java_re/workspace/8-2-build-macosx-x86_64/jdk8u231/13620/hotspot/src/share/vm/interpreter/interpreterRuntime.cpp, line 368]
Event: 6.940 Thread 0x00007fb6fc009800 Exception <a 'java/lang/ClassNotFoundException': org/apache/log4j/LayoutCustomizer> (0x0000000796d23698) thrown at [/Users/java_re/workspace/8-2-build-macosx-x86_64/jdk8u231/13620/hotspot/src/share/vm/classfile/systemDictionary.cpp, line 210]
Event: 6.942 Thread 0x00007fb6fc009800 Exception <a 'java/lang/ClassNotFoundException': org/apache/log4j/PatternLayoutCustomizer> (0x0000000796d38288) thrown at [/Users/java_re/workspace/8-2-build-macosx-x86_64/jdk8u231/13620/hotspot/src/share/vm/classfile/systemDictionary.cpp, line 210]

Events (10 events):
Event: 12.256 loading class java/util/regex/Pattern$Dot
Event: 12.256 loading class java/util/regex/Pattern$Dot done
Event: 12.256 loading class java/util/regex/Pattern$Curly
Event: 12.256 loading class java/util/regex/Pattern$Curly done
Event: 12.261 loading class org/apache/commons/math3/util/FastMath
Event: 12.261 loading class org/apache/commons/math3/util/FastMath done
Event: 12.267 loading class java/lang/StrictMath
Event: 12.267 loading class java/lang/StrictMath done
Event: 12.275 loading class edu/upc/freeling/TreePreorderIteratorNode
Event: 12.275 loading class edu/upc/freeling/TreePreorderIteratorNode done


Dynamic libraries:
0x00007fff33101000 	/System/Library/Frameworks/Cocoa.framework/Versions/A/Cocoa
0x00007fff40914000 	/System/Library/Frameworks/Security.framework/Versions/A/Security
0x00007fff3206b000 	/System/Library/Frameworks/ApplicationServices.framework/Versions/A/ApplicationServices
0x00007fff6d54c000 	/usr/lib/libz.1.dylib
0x00007fff6af82000 	/usr/lib/libSystem.B.dylib
0x00007fff6ce79000 	/usr/lib/libobjc.A.dylib
0x00007fff33fad000 	/System/Library/Frameworks/CoreFoundation.framework/Versions/A/CoreFoundation
0x00007fff36686000 	/System/Library/Frameworks/Foundation.framework/Versions/C/Foundation
0x00007fff3125c000 	/System/Library/Frameworks/AppKit.framework/Versions/C/AppKit
0x00007fff33a85000 	/System/Library/Frameworks/CoreData.framework/Versions/A/CoreData
0x00007fff64fa3000 	/System/Library/PrivateFrameworks/UIFoundation.framework/Versions/A/UIFoundation
0x00007fff60051000 	/System/Library/PrivateFrameworks/RemoteViewServices.framework/Versions/A/RemoteViewServices
0x00007fff67af7000 	/System/Library/PrivateFrameworks/XCTTargetBootstrap.framework/Versions/A/XCTTargetBootstrap
0x00007fff33e81000 	/System/Library/Frameworks/CoreDisplay.framework/Versions/A/CoreDisplay
0x00007fff39541000 	/System/Library/Frameworks/Metal.framework/Versions/A/Metal
0x00007fff4e0aa000 	/System/Library/PrivateFrameworks/DesktopServicesPriv.framework/Versions/A/DesktopServicesPriv
0x00007fff6c156000 	/usr/lib/liblangid.dylib
0x00007fff4d343000 	/System/Library/PrivateFrameworks/CoreSVG.framework/Versions/A/CoreSVG
0x00007fff631a7000 	/System/Library/PrivateFrameworks/SkyLight.framework/Versions/A/SkyLight
0x00007fff3442f000 	/System/Library/Frameworks/CoreGraphics.framework/Versions/A/CoreGraphics
0x00007fff2fbcb000 	/System/Library/Frameworks/Accelerate.framework/Versions/A/Accelerate
0x00007fff6d43d000 	/usr/lib/libxml2.2.dylib
0x00007fff59003000 	/System/Library/PrivateFrameworks/IconServices.framework/Versions/A/IconServices
0x00007fff36e65000 	/System/Library/Frameworks/IOSurface.framework/Versions/A/IOSurface
0x00007fff6aaac000 	/usr/lib/libDiagnosticMessagesClient.dylib
0x00007fff4df04000 	/System/Library/PrivateFrameworks/DFRFoundation.framework/Versions/A/DFRFoundation
0x00007fff6bee5000 	/usr/lib/libicucore.A.dylib
0x00007fff3239d000 	/System/Library/Frameworks/AudioToolbox.framework/Versions/A/AudioToolbox
0x00007fff32480000 	/System/Library/Frameworks/AudioUnit.framework/Versions/A/AudioUnit
0x00007fff6b21a000 	/usr/lib/libauto.dylib
0x00007fff4dfa6000 	/System/Library/PrivateFrameworks/DataDetectorsCore.framework/Versions/A/DataDetectorsCore
0x00007fff32c22000 	/System/Library/Frameworks/Carbon.framework/Versions/A/Frameworks/HIToolbox.framework/Versions/A/HIToolbox
0x00007fff3fb11000 	/System/Library/Frameworks/QuartzCore.framework/Versions/A/QuartzCore
0x00007fff32f61000 	/System/Library/Frameworks/Carbon.framework/Versions/A/Frameworks/SpeechRecognition.framework/Versions/A/SpeechRecognition
0x00007fff4da1b000 	/System/Library/PrivateFrameworks/CoreUI.framework/Versions/A/CoreUI
0x00007fff334f0000 	/System/Library/Frameworks/CoreAudio.framework/Versions/A/CoreAudio
0x00007fff3634b000 	/System/Library/Frameworks/DiskArbitration.framework/Versions/A/DiskArbitration
0x00007fff5b050000 	/System/Library/PrivateFrameworks/MultitouchSupport.framework/Versions/A/MultitouchSupport
0x00007fff6bdac000 	/usr/lib/libenergytrace.dylib
0x00007fff36dbf000 	/System/Library/Frameworks/IOKit.framework/Versions/A/IOKit
0x00007fff353b8000 	/System/Library/Frameworks/CoreServices.framework/Versions/A/CoreServices
0x00007fff5d1e7000 	/System/Library/PrivateFrameworks/PerformanceAnalysis.framework/Versions/A/PerformanceAnalysis
0x00007fff3eb44000 	/System/Library/Frameworks/OpenGL.framework/Versions/A/OpenGL
0x00007fff3310f000 	/System/Library/Frameworks/ColorSync.framework/Versions/A/ColorSync
0x00007fff34ad3000 	/System/Library/Frameworks/CoreImage.framework/Versions/A/CoreImage
0x00007fff35e2a000 	/System/Library/Frameworks/CoreText.framework/Versions/A/CoreText
0x00007fff36ef5000 	/System/Library/Frameworks/ImageIO.framework/Versions/A/ImageIO
0x00007fff6b2fe000 	/usr/lib/libc++.1.dylib
0x00007fff6b37a000 	/usr/lib/libcompression.dylib
0x00007fff6adf0000 	/usr/lib/libMobileGestalt.dylib
0x00007fff64d1c000 	/System/Library/PrivateFrameworks/TextureIO.framework/Versions/A/TextureIO
0x00007fff6b0e7000 	/usr/lib/libate.dylib
0x00007fff5920c000 	/System/Library/PrivateFrameworks/InternationalSupport.framework/Versions/A/InternationalSupport
0x00007fff6de0c000 	/usr/lib/system/libcache.dylib
0x00007fff6de12000 	/usr/lib/system/libcommonCrypto.dylib
0x00007fff6de1e000 	/usr/lib/system/libcompiler_rt.dylib
0x00007fff6de26000 	/usr/lib/system/libcopyfile.dylib
0x00007fff6de30000 	/usr/lib/system/libcorecrypto.dylib
0x00007fff6dfcf000 	/usr/lib/system/libdispatch.dylib
0x00007fff6e010000 	/usr/lib/system/libdyld.dylib
0x00007fff6e047000 	/usr/lib/system/libkeymgr.dylib
0x00007fff6e055000 	/usr/lib/system/liblaunch.dylib
0x00007fff6e056000 	/usr/lib/system/libmacho.dylib
0x00007fff6e05c000 	/usr/lib/system/libquarantine.dylib
0x00007fff6e05f000 	/usr/lib/system/libremovefile.dylib
0x00007fff6e061000 	/usr/lib/system/libsystem_asl.dylib
0x00007fff6e079000 	/usr/lib/system/libsystem_blocks.dylib
0x00007fff6e07a000 	/usr/lib/system/libsystem_c.dylib
0x00007fff6e102000 	/usr/lib/system/libsystem_configuration.dylib
0x00007fff6e106000 	/usr/lib/system/libsystem_coreservices.dylib
0x00007fff6e10a000 	/usr/lib/system/libsystem_darwin.dylib
0x00007fff6e113000 	/usr/lib/system/libsystem_dnssd.dylib
0x00007fff6e11b000 	/usr/lib/system/libsystem_featureflags.dylib
0x00007fff6e11d000 	/usr/lib/system/libsystem_info.dylib
0x00007fff6e198000 	/usr/lib/system/libsystem_m.dylib
0x00007fff6e1e4000 	/usr/lib/system/libsystem_malloc.dylib
0x00007fff6e20c000 	/usr/lib/system/libsystem_networkextension.dylib
0x00007fff6e21a000 	/usr/lib/system/libsystem_notify.dylib
0x00007fff6e238000 	/usr/lib/system/libsystem_sandbox.dylib
0x00007fff6e23d000 	/usr/lib/system/libsystem_secinit.dylib
0x00007fff6e16b000 	/usr/lib/system/libsystem_kernel.dylib
0x00007fff6e224000 	/usr/lib/system/libsystem_platform.dylib
0x00007fff6e22d000 	/usr/lib/system/libsystem_pthread.dylib
0x00007fff6e240000 	/usr/lib/system/libsystem_symptoms.dylib
0x00007fff6e248000 	/usr/lib/system/libsystem_trace.dylib
0x00007fff6e260000 	/usr/lib/system/libunwind.dylib
0x00007fff6e266000 	/usr/lib/system/libxpc.dylib
0x00007fff6b351000 	/usr/lib/libc++abi.dylib
0x00007fff6c158000 	/usr/lib/liblzma.5.dylib
0x00007fff6bdd3000 	/usr/lib/libfakelink.dylib
0x00007fff6b074000 	/usr/lib/libarchive.2.dylib
0x00007fff419c4000 	/System/Library/Frameworks/SystemConfiguration.framework/Versions/A/SystemConfiguration
0x00007fff6a9df000 	/usr/lib/libCRFSuite.dylib
0x00007fff32813000 	/System/Library/Frameworks/CFNetwork.framework/Versions/A/CFNetwork
0x00007fff6b2e0000 	/usr/lib/libbsm.0.dylib
0x00007fff6e048000 	/usr/lib/system/libkxld.dylib
0x00007fff478d9000 	/System/Library/PrivateFrameworks/AppleFSCompression.framework/Versions/A/AppleFSCompression
0x00007fff6b66c000 	/usr/lib/libcoretls.dylib
0x00007fff6b683000 	/usr/lib/libcoretls_cfhelpers.dylib
0x00007fff6cebe000 	/usr/lib/libpam.2.dylib
0x00007fff6cff3000 	/usr/lib/libsqlite3.dylib
0x00007fff6d42a000 	/usr/lib/libxar.1.dylib
0x00007fff6b2f1000 	/usr/lib/libbz2.1.0.dylib
0x00007fff6bdf4000 	/usr/lib/libiconv.2.dylib
0x00007fff6b367000 	/usr/lib/libcharset.1.dylib
0x00007fff6c95e000 	/usr/lib/libnetwork.dylib
0x00007fff6cec5000 	/usr/lib/libpcap.A.dylib
0x00007fff6b029000 	/usr/lib/libapple_nghttp2.dylib
0x00007fff3576f000 	/System/Library/Frameworks/CoreServices.framework/Versions/A/Frameworks/FSEvents.framework/Versions/A/FSEvents
0x00007fff3543f000 	/System/Library/Frameworks/CoreServices.framework/Versions/A/Frameworks/CarbonCore.framework/Versions/A/CarbonCore
0x00007fff359b2000 	/System/Library/Frameworks/CoreServices.framework/Versions/A/Frameworks/Metadata.framework/Versions/A/Metadata
0x00007fff35a4b000 	/System/Library/Frameworks/CoreServices.framework/Versions/A/Frameworks/OSServices.framework/Versions/A/OSServices
0x00007fff35a79000 	/System/Library/Frameworks/CoreServices.framework/Versions/A/Frameworks/SearchKit.framework/Versions/A/SearchKit
0x00007fff353b9000 	/System/Library/Frameworks/CoreServices.framework/Versions/A/Frameworks/AE.framework/Versions/A/AE
0x00007fff35778000 	/System/Library/Frameworks/CoreServices.framework/Versions/A/Frameworks/LaunchServices.framework/Versions/A/LaunchServices
0x00007fff35721000 	/System/Library/Frameworks/CoreServices.framework/Versions/A/Frameworks/DictionaryServices.framework/Versions/A/DictionaryServices
0x00007fff35ae1000 	/System/Library/Frameworks/CoreServices.framework/Versions/A/Frameworks/SharedFileList.framework/Versions/A/SharedFileList
0x00007fff3a964000 	/System/Library/Frameworks/NetFS.framework/Versions/A/NetFS
0x00007fff5b57f000 	/System/Library/PrivateFrameworks/NetAuth.framework/Versions/A/NetAuth
0x00007fff67ec4000 	/System/Library/PrivateFrameworks/login.framework/Versions/A/Frameworks/loginsupport.framework/Versions/A/loginsupport
0x00007fff647e9000 	/System/Library/PrivateFrameworks/TCC.framework/Versions/A/TCC
0x00007fff4c4b6000 	/System/Library/PrivateFrameworks/CoreNLP.framework/Versions/A/CoreNLP
0x00007fff5aa7e000 	/System/Library/PrivateFrameworks/MetadataUtilities.framework/Versions/A/MetadataUtilities
0x00007fff6c230000 	/usr/lib/libmecabra.dylib
0x00007fff6c188000 	/usr/lib/libmecab.dylib
0x00007fff6bde4000 	/usr/lib/libgermantok.dylib
0x00007fff6b010000 	/usr/lib/libThaiTokenizer.dylib
0x00007fff6aa16000 	/usr/lib/libChineseTokenizer.dylib
0x00007fff2fbe4000 	/System/Library/Frameworks/Accelerate.framework/Versions/A/Frameworks/vImage.framework/Versions/A/vImage
0x00007fff310b2000 	/System/Library/Frameworks/Accelerate.framework/Versions/A/Frameworks/vecLib.framework/Versions/A/vecLib
0x00007fff30f33000 	/System/Library/Frameworks/Accelerate.framework/Versions/A/Frameworks/vecLib.framework/Versions/A/libvMisc.dylib
0x00007fff30da0000 	/System/Library/Frameworks/Accelerate.framework/Versions/A/Frameworks/vecLib.framework/Versions/A/libvDSP.dylib
0x00007fff30480000 	/System/Library/Frameworks/Accelerate.framework/Versions/A/Frameworks/vecLib.framework/Versions/A/libBLAS.dylib
0x00007fff30958000 	/System/Library/Frameworks/Accelerate.framework/Versions/A/Frameworks/vecLib.framework/Versions/A/libLAPACK.dylib
0x00007fff30d00000 	/System/Library/Frameworks/Accelerate.framework/Versions/A/Frameworks/vecLib.framework/Versions/A/libLinearAlgebra.dylib
0x00007fff30d8d000 	/System/Library/Frameworks/Accelerate.framework/Versions/A/Frameworks/vecLib.framework/Versions/A/libSparseBLAS.dylib
0x00007fff30d16000 	/System/Library/Frameworks/Accelerate.framework/Versions/A/Frameworks/vecLib.framework/Versions/A/libQuadrature.dylib
0x00007fff30616000 	/System/Library/Frameworks/Accelerate.framework/Versions/A/Frameworks/vecLib.framework/Versions/A/libBNNS.dylib
0x00007fff30d1c000 	/System/Library/Frameworks/Accelerate.framework/Versions/A/Frameworks/vecLib.framework/Versions/A/libSparse.dylib
0x00007fff595f4000 	/System/Library/PrivateFrameworks/LanguageModeling.framework/Versions/A/LanguageModeling
0x00007fff4be66000 	/System/Library/PrivateFrameworks/CoreEmoji.framework/Versions/A/CoreEmoji
0x00007fff59712000 	/System/Library/PrivateFrameworks/LinguisticData.framework/Versions/A/LinguisticData
0x00007fff596c3000 	/System/Library/PrivateFrameworks/Lexicon.framework/Versions/A/Lexicon
0x00007fff6b368000 	/usr/lib/libcmph.dylib
0x00007fff3d552000 	/System/Library/Frameworks/OpenDirectory.framework/Versions/A/Frameworks/CFOpenDirectory.framework/Versions/A/CFOpenDirectory
0x00007fff3d56f000 	/System/Library/Frameworks/OpenDirectory.framework/Versions/A/OpenDirectory
0x00007fff4598f000 	/System/Library/PrivateFrameworks/APFS.framework/Versions/A/APFS
0x00007fff40c5e000 	/System/Library/Frameworks/SecurityFoundation.framework/Versions/A/SecurityFoundation
0x00007fff6d426000 	/usr/lib/libutil.dylib
0x00007fff4d39b000 	/System/Library/PrivateFrameworks/CoreServicesStore.framework/Versions/A/CoreServicesStore
0x00007fff40d15000 	/System/Library/Frameworks/ServiceManagement.framework/Versions/A/ServiceManagement
0x00007fff490a7000 	/System/Library/PrivateFrameworks/BackgroundTaskManagement.framework/Versions/A/BackgroundTaskManagement
0x00007fff6d523000 	/usr/lib/libxslt.1.dylib
0x00007fff47f4b000 	/System/Library/PrivateFrameworks/AppleSystemInfo.framework/Versions/A/AppleSystemInfo
0x00007fff37112000 	/System/Library/Frameworks/ImageIO.framework/Versions/A/Resources/libJPEG.dylib
0x00007fff373cf000 	/System/Library/Frameworks/ImageIO.framework/Versions/A/Resources/libTIFF.dylib
0x00007fff373b2000 	/System/Library/Frameworks/ImageIO.framework/Versions/A/Resources/libPng.dylib
0x00007fff37054000 	/System/Library/Frameworks/ImageIO.framework/Versions/A/Resources/libGIF.dylib
0x00007fff37058000 	/System/Library/Frameworks/ImageIO.framework/Versions/A/Resources/libJP2.dylib
0x00007fff373cd000 	/System/Library/Frameworks/ImageIO.framework/Versions/A/Resources/libRadiance.dylib
0x00007fff6bdad000 	/usr/lib/libexpat.1.dylib
0x00007fff47a34000 	/System/Library/PrivateFrameworks/AppleJPEG.framework/Versions/A/AppleJPEG
0x00007fff50676000 	/System/Library/PrivateFrameworks/FontServices.framework/libFontParser.dylib
0x00007fff66eca000 	/System/Library/PrivateFrameworks/WatchdogClient.framework/Versions/A/WatchdogClient
0x00007fff58c50000 	/System/Library/PrivateFrameworks/IOAccelerator.framework/Versions/A/IOAccelerator
0x00007fff398dc000 	/System/Library/Frameworks/MetalPerformanceShaders.framework/Versions/A/MetalPerformanceShaders
0x00007fff553e9000 	/System/Library/PrivateFrameworks/GPUWrangler.framework/Versions/A/GPUWrangler
0x00007fff58c65000 	/System/Library/PrivateFrameworks/IOPresentment.framework/Versions/A/IOPresentment
0x00007fff4df17000 	/System/Library/PrivateFrameworks/DSExternalDisplay.framework/Versions/A/DSExternalDisplay
0x00007fff3dee3000 	/System/Library/Frameworks/OpenGL.framework/Versions/A/Libraries/libCoreFSCache.dylib
0x00007fff39628000 	/System/Library/Frameworks/MetalPerformanceShaders.framework/Frameworks/MPSCore.framework/Versions/A/MPSCore
0x00007fff39666000 	/System/Library/Frameworks/MetalPerformanceShaders.framework/Frameworks/MPSImage.framework/Versions/A/MPSImage
0x00007fff3972d000 	/System/Library/Frameworks/MetalPerformanceShaders.framework/Frameworks/MPSNeuralNetwork.framework/Versions/A/MPSNeuralNetwork
0x00007fff396f1000 	/System/Library/Frameworks/MetalPerformanceShaders.framework/Frameworks/MPSMatrix.framework/Versions/A/MPSMatrix
0x00007fff3988c000 	/System/Library/Frameworks/MetalPerformanceShaders.framework/Frameworks/MPSRayIntersector.framework/Versions/A/MPSRayIntersector
0x00007fff39717000 	/System/Library/Frameworks/MetalPerformanceShaders.framework/Frameworks/MPSNDArray.framework/Versions/A/MPSNDArray
0x00007fff5aacb000 	/System/Library/PrivateFrameworks/MetalTools.framework/Versions/A/MetalTools
0x00007fff46b61000 	/System/Library/PrivateFrameworks/AggregateDictionary.framework/Versions/A/AggregateDictionary
0x00007fff4b8c0000 	/System/Library/PrivateFrameworks/CoreAnalytics.framework/Versions/A/CoreAnalytics
0x00007fff47e6a000 	/System/Library/PrivateFrameworks/AppleSauce.framework/Versions/A/AppleSauce
0x00007fff6acd2000 	/usr/lib/libIOReport.dylib
0x00007fff35fe2000 	/System/Library/Frameworks/CoreVideo.framework/Versions/A/CoreVideo
0x00007fff56863000 	/System/Library/PrivateFrameworks/GraphVisualizer.framework/Versions/A/GraphVisualizer
0x00007fff4fbca000 	/System/Library/PrivateFrameworks/FaceCore.framework/Versions/A/FaceCore
0x00007fff3d4f9000 	/System/Library/Frameworks/OpenCL.framework/Versions/A/OpenCL
0x00007fff6aaf4000 	/usr/lib/libFosl_dynamic.dylib
0x00007fff5bf94000 	/System/Library/PrivateFrameworks/OTSVG.framework/Versions/A/OTSVG
0x00007fff32170000 	/System/Library/Frameworks/ApplicationServices.framework/Versions/A/Frameworks/ATS.framework/Versions/A/Resources/libFontRegistry.dylib
0x00007fff50847000 	/System/Library/PrivateFrameworks/FontServices.framework/libhvf.dylib
0x00007fff3deee000 	/System/Library/Frameworks/OpenGL.framework/Versions/A/Libraries/libGFXShared.dylib
0x00007fff3e0cc000 	/System/Library/Frameworks/OpenGL.framework/Versions/A/Libraries/libGLU.dylib
0x00007fff3def7000 	/System/Library/Frameworks/OpenGL.framework/Versions/A/Libraries/libGL.dylib
0x00007fff3df02000 	/System/Library/Frameworks/OpenGL.framework/Versions/A/Libraries/libGLImage.dylib
0x00007fff3dee0000 	/System/Library/Frameworks/OpenGL.framework/Versions/A/Libraries/libCVMSPluginSupport.dylib
0x00007fff3dee9000 	/System/Library/Frameworks/OpenGL.framework/Versions/A/Libraries/libCoreVMClient.dylib
0x00007fff6c7ff000 	/usr/lib/libncurses.5.4.dylib
0x00007fff3206c000 	/System/Library/Frameworks/ApplicationServices.framework/Versions/A/Frameworks/ATS.framework/Versions/A/ATS
0x00007fff32239000 	/System/Library/Frameworks/ApplicationServices.framework/Versions/A/Frameworks/ColorSyncLegacy.framework/Versions/A/ColorSyncLegacy
0x00007fff322d7000 	/System/Library/Frameworks/ApplicationServices.framework/Versions/A/Frameworks/HIServices.framework/Versions/A/HIServices
0x00007fff3232f000 	/System/Library/Frameworks/ApplicationServices.framework/Versions/A/Frameworks/LangAnalysis.framework/Versions/A/LangAnalysis
0x00007fff3233e000 	/System/Library/Frameworks/ApplicationServices.framework/Versions/A/Frameworks/PrintCore.framework/Versions/A/PrintCore
0x00007fff32384000 	/System/Library/Frameworks/ApplicationServices.framework/Versions/A/Frameworks/QD.framework/Versions/A/QD
0x00007fff3238f000 	/System/Library/Frameworks/ApplicationServices.framework/Versions/A/Frameworks/SpeechSynthesis.framework/Versions/A/SpeechSynthesis
0x00007fff32209000 	/System/Library/Frameworks/ApplicationServices.framework/Versions/A/Frameworks/ATSUI.framework/Versions/A/ATSUI
0x00007fff6bc41000 	/usr/lib/libcups.2.dylib
0x00007fff38979000 	/System/Library/Frameworks/Kerberos.framework/Versions/A/Kerberos
0x00007fff36ab8000 	/System/Library/Frameworks/GSS.framework/Versions/A/GSS
0x00007fff6cf7f000 	/usr/lib/libresolv.9.dylib
0x00007fff56a11000 	/System/Library/PrivateFrameworks/Heimdal.framework/Versions/A/Heimdal
0x00007fff3898c000 	/System/Library/Frameworks/Kerberos.framework/Versions/A/Libraries/libHeimdalProxy.dylib
0x00007fff6bdea000 	/usr/lib/libheimdal-asn1.dylib
0x00007fff4ad59000 	/System/Library/PrivateFrameworks/CommonAuth.framework/Versions/A/CommonAuth
0x00007fff47fe8000 	/System/Library/PrivateFrameworks/AssertionServices.framework/Versions/A/AssertionServices
0x00007fff48b8a000 	/System/Library/PrivateFrameworks/AudioToolboxCore.framework/Versions/A/AudioToolboxCore
0x00007fff67b74000 	/System/Library/PrivateFrameworks/caulk.framework/Versions/A/caulk
0x00007fff49153000 	/System/Library/PrivateFrameworks/BaseBoard.framework/Versions/A/BaseBoard
0x00007fff601df000 	/System/Library/PrivateFrameworks/RunningBoardServices.framework/Versions/A/RunningBoardServices
0x00007fff5d1f3000 	/System/Library/PrivateFrameworks/PersistentConnection.framework/Versions/A/PersistentConnection
0x00007fff5fbd9000 	/System/Library/PrivateFrameworks/ProtocolBuffer.framework/Versions/A/ProtocolBuffer
0x00007fff4ad7d000 	/System/Library/PrivateFrameworks/CommonUtilities.framework/Versions/A/CommonUtilities
0x00007fff492e1000 	/System/Library/PrivateFrameworks/Bom.framework/Versions/A/Bom
0x00007fff6a9a5000 	/usr/lib/libAudioToolboxUtility.dylib
0x00007fff490b1000 	/System/Library/PrivateFrameworks/Backup.framework/Versions/A/Backup
0x00007fff4de38000 	/System/Library/PrivateFrameworks/CrashReporterSupport.framework/Versions/A/CrashReporterSupport
0x00007fff61c6d000 	/System/Library/PrivateFrameworks/Sharing.framework/Versions/A/Sharing
0x00007fff475f7000 	/System/Library/PrivateFrameworks/Apple80211.framework/Versions/A/Apple80211
0x00007fff48dce000 	/System/Library/PrivateFrameworks/AuthKit.framework/Versions/A/AuthKit
0x00007fff4db48000 	/System/Library/PrivateFrameworks/CoreUtils.framework/Versions/A/CoreUtils
0x00007fff36027000 	/System/Library/Frameworks/CoreWLAN.framework/Versions/A/CoreWLAN
0x00007fff36c45000 	/System/Library/Frameworks/IOBluetooth.framework/Versions/A/IOBluetooth
0x00007fff5adcf000 	/System/Library/PrivateFrameworks/MobileKeyBag.framework/Versions/A/MobileKeyBag
0x00007fff4c94e000 	/System/Library/PrivateFrameworks/CorePhoneNumbers.framework/Versions/A/CorePhoneNumbers
0x00007fff479e7000 	/System/Library/PrivateFrameworks/AppleIDAuthSupport.framework/Versions/A/AppleIDAuthSupport
0x00007fff3a971000 	/System/Library/Frameworks/Network.framework/Versions/A/Network
0x00007fff594a0000 	/System/Library/PrivateFrameworks/KeychainCircle.framework/Versions/A/KeychainCircle
0x00007fff33a4c000 	/System/Library/Frameworks/CoreBluetooth.framework/Versions/A/CoreBluetooth
0x00007fff63cea000 	/System/Library/PrivateFrameworks/SpeechRecognitionCore.framework/Versions/A/SpeechRecognitionCore
0x000000010e200000 	/Library/Java/JavaVirtualMachines/jdk1.8.0_231.jdk/Contents/Home/jre/lib/server/libjvm.dylib
0x00007fff6d2f9000 	/usr/lib/libstdc++.6.dylib
0x000000010d95b000 	/Library/Java/JavaVirtualMachines/jdk1.8.0_231.jdk/Contents/Home/jre/lib/libverify.dylib
0x000000010d969000 	/Library/Java/JavaVirtualMachines/jdk1.8.0_231.jdk/Contents/Home/jre/lib/libjava.dylib
0x000000010d9e9000 	/Library/Java/JavaVirtualMachines/jdk1.8.0_231.jdk/Contents/Home/jre/lib/libzip.dylib
0x00000001176ab000 	/Users/SamHarrison/WorkProjects2018/freeling4.1/java/libfreeling_javaAPI.dylib
0x0000000117887000 	/usr/local/opt/freeling/lib/libfreeling.dylib
0x0000000117b5c000 	/usr/local/opt/boost/lib/libboost_system-mt.dylib
0x00000001279a5000 	/usr/local/Cellar/freeling/4.1_5/lib/libfoma.dylib
0x0000000117b5e000 	/usr/local/Cellar/freeling/4.1_5/lib/libtreeler.dylib
0x0000000117ba4000 	/usr/local/opt/boost/lib/libboost_regex-mt.dylib
0x0000000117ca7000 	/usr/local/opt/boost/lib/libboost_filesystem-mt.dylib
0x0000000117ccc000 	/usr/local/opt/boost/lib/libboost_thread-mt.dylib
0x0000000117cf7000 	/usr/local/opt/boost/lib/libboost_program_options-mt.dylib
0x0000000117d9b000 	/usr/local/opt/icu4c/lib/libicuuc.66.dylib
0x0000000117f25000 	/usr/local/opt/icu4c/lib/libicui18n.66.dylib
0x00000001291fd000 	/usr/local/opt/icu4c/lib/libicudata.66.dylib
0x0000000118244000 	/Library/Java/JavaVirtualMachines/jdk1.8.0_231.jdk/Contents/Home/jre/lib/libnet.dylib

VM Arguments:
jvm_args: -Dfile.encoding=UTF-8 
java_command: Main
java_class_path (initial): /Users/SamHarrison/WorkProjects2018/coh-metrix-esp/target/classes:/Users/SamHarrison/WorkProjects2018/coh-metrix-esp/jars/commons-math3-3.2/commons-math3-3.2.jar:/Users/SamHarrison/WorkProjects2018/coh-metrix-esp/jars/gson-2.2.4.jar:/Users/SamHarrison/WorkProjects2018/coh-metrix-esp/jars/spark-0.9.9-SNAPSHOT.jar:/Users/SamHarrison/WorkProjects2018/coh-metrix-esp/jars/weka.jar:/Users/SamHarrison/.p2/pool/plugins/org.junit_4.12.0.v201504281640/junit.jar:/Users/SamHarrison/.p2/pool/plugins/org.hamcrest.core_1.3.0.v20180420-1519.jar:/Users/SamHarrison/WorkProjects2018/freeling4.1/java/freeling.jar:/Users/SamHarrison/WorkProjects2018/coh-metrix-esp/jars/freeling.jar:/Users/SamHarrison/.m2/repository/log4j/log4j/1.2.17/log4j-1.2.17.jar:/Users/SamHarrison/.m2/repository/jetty/jetty/6.0.0beta6/jetty-6.0.0beta6.jar:/Users/SamHarrison/.m2/repository/org/mortbay/jetty/servlet-api/3.0.pre4/servlet-api-3.0.pre4.jar
Launcher Type: SUN_STANDARD

Environment Variables:
PATH=/usr/bin:/bin:/usr/sbin:/sbin
SHELL=/bin/bash
DISPLAY=/private/tmp/com.apple.launchd.AVBscCQJM9/org.macosforge.xquartz:0

Signal Handlers:
SIGSEGV: [libjvm.dylib+0x5b7e2b], sa_mask[0]=11111111011111110111111111111111, sa_flags=SA_ONSTACK|SA_RESTART|SA_SIGINFO
SIGBUS: [libjvm.dylib+0x5b7e2b], sa_mask[0]=11111111011111110111111111111111, sa_flags=SA_RESTART|SA_SIGINFO
SIGFPE: [libjvm.dylib+0x48c6ec], sa_mask[0]=11111111011111110111111111111111, sa_flags=SA_RESTART|SA_SIGINFO
SIGPIPE: [libjvm.dylib+0x48c6ec], sa_mask[0]=11111111011111110111111111111111, sa_flags=SA_RESTART|SA_SIGINFO
SIGXFSZ: [libjvm.dylib+0x48c6ec], sa_mask[0]=11111111011111110111111111111111, sa_flags=SA_RESTART|SA_SIGINFO
SIGILL: [libjvm.dylib+0x48c6ec], sa_mask[0]=11111111011111110111111111111111, sa_flags=SA_RESTART|SA_SIGINFO
SIGUSR1: SIG_DFL, sa_mask[0]=00000000000000000000000000000000, sa_flags=none
SIGUSR2: [libjvm.dylib+0x48c20a], sa_mask[0]=00100000000000000000000000000000, sa_flags=SA_RESTART|SA_SIGINFO
SIGHUP: [libjvm.dylib+0x48a795], sa_mask[0]=11111111011111110111111111111111, sa_flags=SA_RESTART|SA_SIGINFO
SIGINT: [libjvm.dylib+0x48a795], sa_mask[0]=11111111011111110111111111111111, sa_flags=SA_RESTART|SA_SIGINFO
SIGTERM: [libjvm.dylib+0x48a795], sa_mask[0]=11111111011111110111111111111111, sa_flags=SA_RESTART|SA_SIGINFO
SIGQUIT: [libjvm.dylib+0x48a795], sa_mask[0]=11111111011111110111111111111111, sa_flags=SA_RESTART|SA_SIGINFO


---------------  S Y S T E M  ---------------

OS:Bsduname:Darwin 19.4.0 Darwin Kernel Version 19.4.0: Wed Mar  4 22:28:40 PST 2020; root:xnu-6153.101.6~15/RELEASE_X86_64 x86_64
rlimit: STACK 8192k, CORE 0k, NPROC 1392, NOFILE 10240, AS infinity
load average:2.26 2.78 2.97

CPU:total 4 (initial active 4) (2 cores per cpu, 2 threads per core) family 6 model 58 stepping 9, cmov, cx8, fxsr, mmx, sse, sse2, sse3, ssse3, sse4.1, sse4.2, popcnt, avx, aes, clmul, erms, ht, tsc, tscinvbit, tscinv

Memory: 4k page, physical 8388608k(374732k free)

/proc/meminfo:


vm_info: Java HotSpot(TM) 64-Bit Server VM (25.231-b11) for bsd-amd64 JRE (1.8.0_231-b11), built on Oct  5 2019 03:15:25 by "java_re" with gcc 4.2.1 (Based on Apple Inc. build 5658) (LLVM build 2336.11.00)

time: Mon May  4 21:16:27 2020
timezone: BST
elapsed time: 12 seconds (0d 0h 0m 12s)

